{"/Users/lmtnolimit/working/ai-section-generator/app/db.server.ts": {"path":"/Users/lmtnolimit/working/ai-section-generator/app/db.server.ts","statementMap":{"0":{"start":{"line":1,"column":0},"end":{"line":1,"column":46}},"1":{"start":{"line":8,"column":0},"end":{"line":12,"column":1}},"2":{"start":{"line":9,"column":2},"end":{"line":11,"column":3}},"3":{"start":{"line":10,"column":4},"end":{"line":10,"column":45}},"4":{"start":{"line":14,"column":15},"end":{"line":14,"column":56}},"5":{"start":{"line":16,"column":0},"end":{"line":16,"column":22}}},"fnMap":{},"branchMap":{"0":{"loc":{"start":{"line":8,"column":0},"end":{"line":12,"column":1}},"type":"if","locations":[{"start":{"line":8,"column":0},"end":{"line":12,"column":1}},{"start":{},"end":{}}]},"1":{"loc":{"start":{"line":9,"column":2},"end":{"line":11,"column":3}},"type":"if","locations":[{"start":{"line":9,"column":2},"end":{"line":11,"column":3}},{"start":{},"end":{}}]},"2":{"loc":{"start":{"line":14,"column":15},"end":{"line":14,"column":56}},"type":"binary-expr","locations":[{"start":{"line":14,"column":15},"end":{"line":14,"column":34}},{"start":{"line":14,"column":38},"end":{"line":14,"column":56}}]}},"s":{"0":0,"1":0,"2":0,"3":0,"4":0,"5":0},"f":{},"b":{"0":[0,0],"1":[0,0],"2":[0,0]}}
,"/Users/lmtnolimit/working/ai-section-generator/app/routes.ts": {"path":"/Users/lmtnolimit/working/ai-section-generator/app/routes.ts","statementMap":{"0":{"start":{"line":1,"column":0},"end":{"line":1,"column":53}},"1":{"start":{"line":3,"column":0},"end":{"line":3,"column":28}}},"fnMap":{},"branchMap":{},"s":{"0":0,"1":0},"f":{},"b":{}}
,"/Users/lmtnolimit/working/ai-section-generator/app/shopify.server.ts": {"path":"/Users/lmtnolimit/working/ai-section-generator/app/shopify.server.ts","statementMap":{"0":{"start":{"line":1,"column":0},"end":{"line":1,"column":57}},"1":{"start":{"line":2,"column":0},"end":{"line":2,"column":null}},"2":{"start":{"line":7,"column":0},"end":{"line":7,"column":83}},"3":{"start":{"line":8,"column":0},"end":{"line":8,"column":33}},"4":{"start":{"line":10,"column":16},"end":{"line":22,"column":2}},"5":{"start":{"line":24,"column":0},"end":{"line":24,"column":23}},"6":{"start":{"line":25,"column":13},"end":{"line":25,"column":47}},"7":{"start":{"line":26,"column":13},"end":{"line":26,"column":77}},"8":{"start":{"line":27,"column":13},"end":{"line":27,"column":49}},"9":{"start":{"line":28,"column":13},"end":{"line":28,"column":55}},"10":{"start":{"line":29,"column":13},"end":{"line":29,"column":35}},"11":{"start":{"line":30,"column":13},"end":{"line":30,"column":57}},"12":{"start":{"line":31,"column":13},"end":{"line":31,"column":53}}},"fnMap":{},"branchMap":{"0":{"loc":{"start":{"line":12,"column":16},"end":{"line":12,"column":52}},"type":"binary-expr","locations":[{"start":{"line":12,"column":16},"end":{"line":12,"column":46}},{"start":{"line":12,"column":50},"end":{"line":12,"column":52}}]},"1":{"loc":{"start":{"line":15,"column":10},"end":{"line":15,"column":43}},"type":"binary-expr","locations":[{"start":{"line":15,"column":10},"end":{"line":15,"column":37}},{"start":{"line":15,"column":41},"end":{"line":15,"column":43}}]},"2":{"loc":{"start":{"line":19,"column":6},"end":{"line":21,"column":8}},"type":"cond-expr","locations":[{"start":{"line":20,"column":6},"end":{"line":20,"column":61}},{"start":{"line":21,"column":6},"end":{"line":21,"column":8}}]}},"s":{"0":0,"1":0,"2":0,"3":0,"4":0,"5":0,"6":0,"7":0,"8":0,"9":0,"10":0,"11":0,"12":0},"f":{},"b":{"0":[0,0],"1":[0,0],"2":[0,0]}}
,"/Users/lmtnolimit/working/ai-section-generator/app/components/ServiceModeIndicator.tsx": {"path":"/Users/lmtnolimit/working/ai-section-generator/app/components/ServiceModeIndicator.tsx","statementMap":{"0":{"start":{"line":7,"column":0},"end":{"line":7,"column":16}},"1":{"start":{"line":9,"column":2},"end":{"line":11,"column":3}},"2":{"start":{"line":10,"column":4},"end":{"line":10,"column":16}},"3":{"start":{"line":13,"column":2},"end":{"line":33,"column":4}}},"fnMap":{"0":{"name":"ServiceModeIndicator","decl":{"start":{"line":7,"column":16},"end":{"line":7,"column":36}},"loc":{"start":{"line":7,"column":100},"end":{"line":34,"column":1}}}},"branchMap":{"0":{"loc":{"start":{"line":9,"column":2},"end":{"line":11,"column":3}},"type":"if","locations":[{"start":{"line":9,"column":2},"end":{"line":11,"column":3}},{"start":{},"end":{}}]},"1":{"loc":{"start":{"line":9,"column":6},"end":{"line":9,"column":45}},"type":"binary-expr","locations":[{"start":{"line":9,"column":6},"end":{"line":9,"column":20}},{"start":{"line":9,"column":24},"end":{"line":9,"column":34}},{"start":{"line":9,"column":38},"end":{"line":9,"column":45}}]},"2":{"loc":{"start":{"line":26,"column":40},"end":{"line":26,"column":81}},"type":"cond-expr","locations":[{"start":{"line":26,"column":63},"end":{"line":26,"column":71}},{"start":{"line":26,"column":74},"end":{"line":26,"column":81}}]},"3":{"loc":{"start":{"line":29,"column":37},"end":{"line":29,"column":75}},"type":"cond-expr","locations":[{"start":{"line":29,"column":57},"end":{"line":29,"column":65}},{"start":{"line":29,"column":68},"end":{"line":29,"column":75}}]}},"s":{"0":0,"1":0,"2":0,"3":0},"f":{"0":0},"b":{"0":[0,0],"1":[0,0,0],"2":[0,0],"3":[0,0]}}
,"/Users/lmtnolimit/working/ai-section-generator/app/components/index.ts": {"path":"/Users/lmtnolimit/working/ai-section-generator/app/components/index.ts","statementMap":{"0":{"start":{"line":7,"column":0},"end":{"line":7,"column":9}},"1":{"start":{"line":7,"column":9},"end":{"line":7,"column":41}},"2":{"start":{"line":8,"column":0},"end":{"line":8,"column":9}},"3":{"start":{"line":8,"column":9},"end":{"line":8,"column":37}},"4":{"start":{"line":9,"column":0},"end":{"line":9,"column":9}},"5":{"start":{"line":9,"column":9},"end":{"line":9,"column":17}},"6":{"start":{"line":9,"column":17},"end":{"line":9,"column":32}},"7":{"start":{"line":9,"column":32},"end":{"line":9,"column":69}},"8":{"start":{"line":12,"column":0},"end":{"line":12,"column":9}},"9":{"start":{"line":12,"column":9},"end":{"line":12,"column":53}},"10":{"start":{"line":13,"column":0},"end":{"line":13,"column":9}},"11":{"start":{"line":13,"column":9},"end":{"line":13,"column":57}},"12":{"start":{"line":14,"column":0},"end":{"line":14,"column":9}},"13":{"start":{"line":14,"column":9},"end":{"line":14,"column":53}},"14":{"start":{"line":15,"column":0},"end":{"line":15,"column":9}},"15":{"start":{"line":15,"column":9},"end":{"line":15,"column":63}},"16":{"start":{"line":16,"column":0},"end":{"line":16,"column":9}},"17":{"start":{"line":16,"column":9},"end":{"line":16,"column":61}}},"fnMap":{"0":{"name":"(anonymous_0)","decl":{"start":{"line":7,"column":9},"end":{"line":7,"column":15}},"loc":{"start":{"line":7,"column":9},"end":{"line":7,"column":41}}},"1":{"name":"(anonymous_1)","decl":{"start":{"line":8,"column":9},"end":{"line":8,"column":13}},"loc":{"start":{"line":8,"column":9},"end":{"line":8,"column":37}}},"2":{"name":"(anonymous_2)","decl":{"start":{"line":9,"column":9},"end":{"line":9,"column":15}},"loc":{"start":{"line":9,"column":9},"end":{"line":9,"column":17}}},"3":{"name":"(anonymous_3)","decl":{"start":{"line":9,"column":17},"end":{"line":9,"column":30}},"loc":{"start":{"line":9,"column":17},"end":{"line":9,"column":32}}},"4":{"name":"(anonymous_4)","decl":{"start":{"line":9,"column":32},"end":{"line":9,"column":43}},"loc":{"start":{"line":9,"column":32},"end":{"line":9,"column":69}}},"5":{"name":"(anonymous_5)","decl":{"start":{"line":12,"column":9},"end":{"line":12,"column":20}},"loc":{"start":{"line":12,"column":9},"end":{"line":12,"column":53}}},"6":{"name":"(anonymous_6)","decl":{"start":{"line":13,"column":9},"end":{"line":13,"column":22}},"loc":{"start":{"line":13,"column":9},"end":{"line":13,"column":57}}},"7":{"name":"(anonymous_7)","decl":{"start":{"line":14,"column":9},"end":{"line":14,"column":20}},"loc":{"start":{"line":14,"column":9},"end":{"line":14,"column":53}}},"8":{"name":"(anonymous_8)","decl":{"start":{"line":15,"column":9},"end":{"line":15,"column":25}},"loc":{"start":{"line":15,"column":9},"end":{"line":15,"column":63}}},"9":{"name":"(anonymous_9)","decl":{"start":{"line":16,"column":9},"end":{"line":16,"column":24}},"loc":{"start":{"line":16,"column":9},"end":{"line":16,"column":61}}}},"branchMap":{},"s":{"0":0,"1":0,"2":0,"3":0,"4":0,"5":0,"6":0,"7":0,"8":0,"9":0,"10":0,"11":0,"12":0,"13":0,"14":0,"15":0,"16":0,"17":0},"f":{"0":0,"1":0,"2":0,"3":0,"4":0,"5":0,"6":0,"7":0,"8":0,"9":0},"b":{}}
,"/Users/lmtnolimit/working/ai-section-generator/app/components/generate/CodePreview.tsx": {"path":"/Users/lmtnolimit/working/ai-section-generator/app/components/generate/CodePreview.tsx","statementMap":{"0":{"start":{"line":10,"column":0},"end":{"line":10,"column":16}},"1":{"start":{"line":14,"column":2},"end":{"line":16,"column":3}},"2":{"start":{"line":15,"column":4},"end":{"line":15,"column":16}},"3":{"start":{"line":18,"column":2},"end":{"line":33,"column":4}}},"fnMap":{"0":{"name":"CodePreview","decl":{"start":{"line":10,"column":16},"end":{"line":10,"column":27}},"loc":{"start":{"line":13,"column":19},"end":{"line":34,"column":1}}}},"branchMap":{"0":{"loc":{"start":{"line":12,"column":2},"end":{"line":12,"column":21}},"type":"default-arg","locations":[{"start":{"line":12,"column":14},"end":{"line":12,"column":21}}]},"1":{"loc":{"start":{"line":14,"column":2},"end":{"line":16,"column":3}},"type":"if","locations":[{"start":{"line":14,"column":2},"end":{"line":16,"column":3}},{"start":{},"end":{}}]}},"s":{"0":0,"1":0,"2":0,"3":0},"f":{"0":0},"b":{"0":[0],"1":[0,0]}}
,"/Users/lmtnolimit/working/ai-section-generator/app/components/generate/GenerateActions.tsx": {"path":"/Users/lmtnolimit/working/ai-section-generator/app/components/generate/GenerateActions.tsx","statementMap":{"0":{"start":{"line":17,"column":0},"end":{"line":17,"column":16}},"1":{"start":{"line":1,"column":0},"end":{"line":1,"column":42}},"2":{"start":{"line":26,"column":2},"end":{"line":47,"column":4}}},"fnMap":{"0":{"name":"GenerateActions","decl":{"start":{"line":17,"column":16},"end":{"line":17,"column":31}},"loc":{"start":{"line":25,"column":23},"end":{"line":48,"column":1}}}},"branchMap":{"0":{"loc":{"start":{"line":23,"column":2},"end":{"line":23,"column":38}},"type":"default-arg","locations":[{"start":{"line":23,"column":23},"end":{"line":23,"column":38}}]},"1":{"loc":{"start":{"line":24,"column":2},"end":{"line":24,"column":34}},"type":"default-arg","locations":[{"start":{"line":24,"column":19},"end":{"line":24,"column":34}}]},"2":{"loc":{"start":{"line":31,"column":18},"end":{"line":31,"column":42}},"type":"binary-expr","locations":[{"start":{"line":31,"column":18},"end":{"line":31,"column":30}},{"start":{"line":31,"column":34},"end":{"line":31,"column":42}}]},"3":{"loc":{"start":{"line":37,"column":7},"end":{"line":44,"column":null}},"type":"binary-expr","locations":[{"start":{"line":37,"column":7},"end":{"line":37,"column":14}},{"start":{"line":38,"column":8},"end":{"line":43,"column":null}}]},"4":{"loc":{"start":{"line":40,"column":20},"end":{"line":40,"column":44}},"type":"binary-expr","locations":[{"start":{"line":40,"column":20},"end":{"line":40,"column":28}},{"start":{"line":40,"column":32},"end":{"line":40,"column":44}}]}},"s":{"0":0,"1":0,"2":0},"f":{"0":0},"b":{"0":[0],"1":[0],"2":[0,0],"3":[0,0],"4":[0,0]}}
,"/Users/lmtnolimit/working/ai-section-generator/app/components/generate/PromptInput.tsx": {"path":"/Users/lmtnolimit/working/ai-section-generator/app/components/generate/PromptInput.tsx","statementMap":{"0":{"start":{"line":14,"column":0},"end":{"line":14,"column":16}},"1":{"start":{"line":22,"column":22},"end":{"line":25,"column":3}},"2":{"start":{"line":23,"column":19},"end":{"line":23,"column":47}},"3":{"start":{"line":24,"column":4},"end":{"line":24,"column":27}},"4":{"start":{"line":27,"column":2},"end":{"line":38,"column":4}}},"fnMap":{"0":{"name":"PromptInput","decl":{"start":{"line":14,"column":16},"end":{"line":14,"column":27}},"loc":{"start":{"line":21,"column":19},"end":{"line":39,"column":1}}},"1":{"name":"(anonymous_1)","decl":{"start":{"line":22,"column":22},"end":{"line":22,"column":23}},"loc":{"start":{"line":22,"column":35},"end":{"line":25,"column":3}}}},"branchMap":{"0":{"loc":{"start":{"line":17,"column":2},"end":{"line":17,"column":77}},"type":"default-arg","locations":[{"start":{"line":17,"column":16},"end":{"line":17,"column":77}}]},"1":{"loc":{"start":{"line":18,"column":2},"end":{"line":18,"column":76}},"type":"default-arg","locations":[{"start":{"line":18,"column":13},"end":{"line":18,"column":76}}]},"2":{"loc":{"start":{"line":20,"column":2},"end":{"line":20,"column":18}},"type":"default-arg","locations":[{"start":{"line":20,"column":13},"end":{"line":20,"column":18}}]},"3":{"loc":{"start":{"line":35,"column":16},"end":{"line":35,"column":45}},"type":"cond-expr","locations":[{"start":{"line":35,"column":25},"end":{"line":35,"column":33}},{"start":{"line":35,"column":36},"end":{"line":35,"column":45}}]}},"s":{"0":0,"1":0,"2":0,"3":0,"4":0},"f":{"0":0,"1":0},"b":{"0":[0],"1":[0],"2":[0],"3":[0,0]}}
,"/Users/lmtnolimit/working/ai-section-generator/app/components/generate/SectionNameInput.tsx": {"path":"/Users/lmtnolimit/working/ai-section-generator/app/components/generate/SectionNameInput.tsx","statementMap":{"0":{"start":{"line":12,"column":0},"end":{"line":12,"column":16}},"1":{"start":{"line":18,"column":22},"end":{"line":21,"column":3}},"2":{"start":{"line":19,"column":19},"end":{"line":19,"column":47}},"3":{"start":{"line":20,"column":4},"end":{"line":20,"column":27}},"4":{"start":{"line":23,"column":2},"end":{"line":32,"column":4}}},"fnMap":{"0":{"name":"SectionNameInput","decl":{"start":{"line":12,"column":16},"end":{"line":12,"column":32}},"loc":{"start":{"line":17,"column":24},"end":{"line":33,"column":1}}},"1":{"name":"(anonymous_1)","decl":{"start":{"line":18,"column":22},"end":{"line":18,"column":23}},"loc":{"start":{"line":18,"column":35},"end":{"line":21,"column":3}}}},"branchMap":{"0":{"loc":{"start":{"line":16,"column":2},"end":{"line":16,"column":18}},"type":"default-arg","locations":[{"start":{"line":16,"column":13},"end":{"line":16,"column":18}}]}},"s":{"0":0,"1":0,"2":0,"3":0,"4":0},"f":{"0":0,"1":0},"b":{"0":[0]}}
,"/Users/lmtnolimit/working/ai-section-generator/app/components/generate/ThemeSelector.tsx": {"path":"/Users/lmtnolimit/working/ai-section-generator/app/components/generate/ThemeSelector.tsx","statementMap":{"0":{"start":{"line":14,"column":0},"end":{"line":14,"column":16}},"1":{"start":{"line":20,"column":23},"end":{"line":23,"column":3}},"2":{"start":{"line":21,"column":19},"end":{"line":21,"column":48}},"3":{"start":{"line":22,"column":4},"end":{"line":22,"column":27}},"4":{"start":{"line":25,"column":2},"end":{"line":37,"column":4}},"5":{"start":{"line":32,"column":8},"end":{"line":32,"column":33}}},"fnMap":{"0":{"name":"ThemeSelector","decl":{"start":{"line":14,"column":16},"end":{"line":14,"column":29}},"loc":{"start":{"line":19,"column":21},"end":{"line":38,"column":1}}},"1":{"name":"(anonymous_1)","decl":{"start":{"line":20,"column":23},"end":{"line":20,"column":24}},"loc":{"start":{"line":20,"column":36},"end":{"line":23,"column":3}}},"2":{"name":"(anonymous_2)","decl":{"start":{"line":31,"column":18},"end":{"line":31,"column":19}},"loc":{"start":{"line":32,"column":8},"end":{"line":32,"column":33}}}},"branchMap":{"0":{"loc":{"start":{"line":18,"column":2},"end":{"line":18,"column":18}},"type":"default-arg","locations":[{"start":{"line":18,"column":13},"end":{"line":18,"column":18}}]}},"s":{"0":0,"1":0,"2":0,"3":0,"4":0,"5":0},"f":{"0":0,"1":0,"2":0},"b":{"0":[0]}}
,"/Users/lmtnolimit/working/ai-section-generator/app/components/shared/Banner.tsx": {"path":"/Users/lmtnolimit/working/ai-section-generator/app/components/shared/Banner.tsx","statementMap":{"0":{"start":{"line":15,"column":0},"end":{"line":15,"column":16}},"1":{"start":{"line":38,"column":0},"end":{"line":38,"column":16}},"2":{"start":{"line":50,"column":0},"end":{"line":50,"column":16}},"3":{"start":{"line":22,"column":2},"end":{"line":31,"column":4}},"4":{"start":{"line":39,"column":2},"end":{"line":43,"column":4}},"5":{"start":{"line":51,"column":2},"end":{"line":55,"column":4}}},"fnMap":{"0":{"name":"Banner","decl":{"start":{"line":15,"column":16},"end":{"line":15,"column":22}},"loc":{"start":{"line":21,"column":14},"end":{"line":32,"column":1}}},"1":{"name":"SuccessBanner","decl":{"start":{"line":38,"column":16},"end":{"line":38,"column":29}},"loc":{"start":{"line":38,"column":62},"end":{"line":44,"column":1}}},"2":{"name":"ErrorBanner","decl":{"start":{"line":50,"column":16},"end":{"line":50,"column":27}},"loc":{"start":{"line":50,"column":60},"end":{"line":56,"column":1}}}},"branchMap":{"0":{"loc":{"start":{"line":16,"column":2},"end":{"line":16,"column":15}},"type":"default-arg","locations":[{"start":{"line":16,"column":9},"end":{"line":16,"column":15}}]},"1":{"loc":{"start":{"line":18,"column":2},"end":{"line":18,"column":21}},"type":"default-arg","locations":[{"start":{"line":18,"column":16},"end":{"line":18,"column":21}}]}},"s":{"0":0,"1":0,"2":0,"3":0,"4":0,"5":0},"f":{"0":0,"1":0,"2":0},"b":{"0":[0],"1":[0]}}
,"/Users/lmtnolimit/working/ai-section-generator/app/components/shared/Button.tsx": {"path":"/Users/lmtnolimit/working/ai-section-generator/app/components/shared/Button.tsx","statementMap":{"0":{"start":{"line":18,"column":0},"end":{"line":18,"column":16}},"1":{"start":{"line":29,"column":2},"end":{"line":40,"column":4}}},"fnMap":{"0":{"name":"Button","decl":{"start":{"line":18,"column":16},"end":{"line":18,"column":22}},"loc":{"start":{"line":27,"column":14},"end":{"line":41,"column":1}}}},"branchMap":{"0":{"loc":{"start":{"line":20,"column":2},"end":{"line":20,"column":23}},"type":"default-arg","locations":[{"start":{"line":20,"column":12},"end":{"line":20,"column":23}}]},"1":{"loc":{"start":{"line":21,"column":2},"end":{"line":21,"column":17}},"type":"default-arg","locations":[{"start":{"line":21,"column":9},"end":{"line":21,"column":17}}]},"2":{"loc":{"start":{"line":22,"column":2},"end":{"line":22,"column":17}},"type":"default-arg","locations":[{"start":{"line":22,"column":12},"end":{"line":22,"column":17}}]},"3":{"loc":{"start":{"line":23,"column":2},"end":{"line":23,"column":18}},"type":"default-arg","locations":[{"start":{"line":23,"column":13},"end":{"line":23,"column":18}}]},"4":{"loc":{"start":{"line":25,"column":2},"end":{"line":25,"column":16}},"type":"default-arg","locations":[{"start":{"line":25,"column":11},"end":{"line":25,"column":16}}]},"5":{"loc":{"start":{"line":26,"column":2},"end":{"line":26,"column":19}},"type":"default-arg","locations":[{"start":{"line":26,"column":14},"end":{"line":26,"column":19}}]},"6":{"loc":{"start":{"line":33,"column":15},"end":{"line":33,"column":43}},"type":"cond-expr","locations":[{"start":{"line":33,"column":25},"end":{"line":33,"column":31}},{"start":{"line":33,"column":34},"end":{"line":33,"column":43}}]}},"s":{"0":0,"1":0},"f":{"0":0},"b":{"0":[0],"1":[0],"2":[0],"3":[0],"4":[0],"5":[0],"6":[0,0]}}
,"/Users/lmtnolimit/working/ai-section-generator/app/components/shared/Card.tsx": {"path":"/Users/lmtnolimit/working/ai-section-generator/app/components/shared/Card.tsx","statementMap":{"0":{"start":{"line":13,"column":0},"end":{"line":13,"column":16}},"1":{"start":{"line":14,"column":2},"end":{"line":18,"column":4}}},"fnMap":{"0":{"name":"Card","decl":{"start":{"line":13,"column":16},"end":{"line":13,"column":20}},"loc":{"start":{"line":13,"column":70},"end":{"line":19,"column":1}}}},"branchMap":{"0":{"loc":{"start":{"line":13,"column":40},"end":{"line":13,"column":57}},"type":"default-arg","locations":[{"start":{"line":13,"column":52},"end":{"line":13,"column":57}}]}},"s":{"0":0,"1":0},"f":{"0":0},"b":{"0":[0]}}
,"/Users/lmtnolimit/working/ai-section-generator/app/routes/app._index.tsx": {"path":"/Users/lmtnolimit/working/ai-section-generator/app/routes/app._index.tsx","statementMap":{"0":{"start":{"line":87,"column":0},"end":{"line":87,"column":24}},"1":{"start":{"line":1,"column":0},"end":{"line":1,"column":34}},"2":{"start":{"line":7,"column":0},"end":{"line":7,"column":42}},"3":{"start":{"line":8,"column":0},"end":{"line":8,"column":57}},"4":{"start":{"line":9,"column":0},"end":{"line":9,"column":49}},"5":{"start":{"line":10,"column":0},"end":{"line":10,"column":68}},"6":{"start":{"line":12,"column":22},"end":{"line":16,"column":1}},"7":{"start":{"line":13,"column":2},"end":{"line":13,"column":36}},"8":{"start":{"line":15,"column":2},"end":{"line":15,"column":14}},"9":{"start":{"line":12,"column":13},"end":{"line":12,"column":22}},"10":{"start":{"line":18,"column":22},"end":{"line":85,"column":1}},"11":{"start":{"line":19,"column":20},"end":{"line":19,"column":53}},"12":{"start":{"line":20,"column":16},"end":{"line":21,"column":null}},"13":{"start":{"line":23,"column":19},"end":{"line":51,"column":null}},"14":{"start":{"line":53,"column":23},"end":{"line":53,"column":44}},"15":{"start":{"line":55,"column":18},"end":{"line":55,"column":60}},"16":{"start":{"line":56,"column":20},"end":{"line":56,"column":56}},"17":{"start":{"line":58,"column":26},"end":{"line":75,"column":null}},"18":{"start":{"line":78,"column":30},"end":{"line":78,"column":58}},"19":{"start":{"line":80,"column":2},"end":{"line":84,"column":4}},"20":{"start":{"line":18,"column":13},"end":{"line":18,"column":22}},"21":{"start":{"line":88,"column":18},"end":{"line":88,"column":45}},"22":{"start":{"line":90,"column":18},"end":{"line":90,"column":32}},"23":{"start":{"line":92,"column":4},"end":{"line":93,"column":33}},"24":{"start":{"line":95,"column":2},"end":{"line":99,"column":43}},"25":{"start":{"line":96,"column":4},"end":{"line":98,"column":5}},"26":{"start":{"line":97,"column":6},"end":{"line":97,"column":44}},"27":{"start":{"line":101,"column":26},"end":{"line":101,"column":70}},"28":{"start":{"line":101,"column":32},"end":{"line":101,"column":70}},"29":{"start":{"line":103,"column":2},"end":{"line":249,"column":4}},"30":{"start":{"line":152,"column":16},"end":{"line":154,"column":19}},"31":{"start":{"line":252,"column":40},"end":{"line":254,"column":1}},"32":{"start":{"line":253,"column":2},"end":{"line":253,"column":39}},"33":{"start":{"line":252,"column":13},"end":{"line":252,"column":40}}},"fnMap":{"0":{"name":"(anonymous_0)","decl":{"start":{"line":12,"column":22},"end":{"line":12,"column":27}},"loc":{"start":{"line":12,"column":64},"end":{"line":16,"column":1}}},"1":{"name":"(anonymous_1)","decl":{"start":{"line":18,"column":22},"end":{"line":18,"column":27}},"loc":{"start":{"line":18,"column":64},"end":{"line":85,"column":1}}},"2":{"name":"Index","decl":{"start":{"line":87,"column":24},"end":{"line":87,"column":29}},"loc":{"start":{"line":87,"column":29},"end":{"line":250,"column":1}}},"3":{"name":"(anonymous_3)","decl":{"start":{"line":95,"column":12},"end":{"line":95,"column":15}},"loc":{"start":{"line":95,"column":17},"end":{"line":99,"column":3}}},"4":{"name":"(anonymous_4)","decl":{"start":{"line":101,"column":26},"end":{"line":101,"column":29}},"loc":{"start":{"line":101,"column":32},"end":{"line":101,"column":70}}},"5":{"name":"(anonymous_5)","decl":{"start":{"line":151,"column":23},"end":{"line":151,"column":26}},"loc":{"start":{"line":151,"column":28},"end":{"line":155,"column":15}}},"6":{"name":"(anonymous_6)","decl":{"start":{"line":252,"column":40},"end":{"line":252,"column":41}},"loc":{"start":{"line":252,"column":56},"end":{"line":254,"column":1}}}},"branchMap":{"0":{"loc":{"start":{"line":92,"column":4},"end":{"line":93,"column":33}},"type":"binary-expr","locations":[{"start":{"line":92,"column":4},"end":{"line":92,"column":53}},{"start":{"line":93,"column":4},"end":{"line":93,"column":33}}]},"1":{"loc":{"start":{"line":96,"column":4},"end":{"line":98,"column":5}},"type":"if","locations":[{"start":{"line":96,"column":4},"end":{"line":98,"column":5}},{"start":{},"end":{}}]},"2":{"loc":{"start":{"line":145,"column":17},"end":{"line":145,"column":51}},"type":"cond-expr","locations":[{"start":{"line":145,"column":29},"end":{"line":145,"column":46}},{"start":{"line":145,"column":49},"end":{"line":145,"column":51}}]},"3":{"loc":{"start":{"line":149,"column":11},"end":{"line":160,"column":null}},"type":"binary-expr","locations":[{"start":{"line":149,"column":11},"end":{"line":149,"column":32}},{"start":{"line":150,"column":12},"end":{"line":157,"column":null}}]},"4":{"loc":{"start":{"line":163,"column":9},"end":{"line":189,"column":null}},"type":"binary-expr","locations":[{"start":{"line":163,"column":9},"end":{"line":163,"column":30}},{"start":{"line":164,"column":10},"end":{"line":188,"column":null}}]}},"s":{"0":0,"1":0,"2":0,"3":0,"4":0,"5":0,"6":0,"7":0,"8":0,"9":0,"10":0,"11":0,"12":0,"13":0,"14":0,"15":0,"16":0,"17":0,"18":0,"19":0,"20":0,"21":0,"22":0,"23":0,"24":0,"25":0,"26":0,"27":0,"28":0,"29":0,"30":0,"31":0,"32":0,"33":0},"f":{"0":0,"1":0,"2":0,"3":0,"4":0,"5":0,"6":0},"b":{"0":[0,0],"1":[0,0],"2":[0,0],"3":[0,0],"4":[0,0]}}
,"/Users/lmtnolimit/working/ai-section-generator/app/routes/app.additional.tsx": {"path":"/Users/lmtnolimit/working/ai-section-generator/app/routes/app.additional.tsx","statementMap":{"0":{"start":{"line":1,"column":0},"end":{"line":1,"column":24}},"1":{"start":{"line":2,"column":2},"end":{"line":36,"column":4}}},"fnMap":{"0":{"name":"AdditionalPage","decl":{"start":{"line":1,"column":24},"end":{"line":1,"column":38}},"loc":{"start":{"line":1,"column":38},"end":{"line":37,"column":1}}}},"branchMap":{},"s":{"0":0,"1":0},"f":{"0":0},"b":{}}
,"/Users/lmtnolimit/working/ai-section-generator/app/routes/app.generate.tsx": {"path":"/Users/lmtnolimit/working/ai-section-generator/app/routes/app.generate.tsx","statementMap":{"0":{"start":{"line":21,"column":0},"end":{"line":21,"column":7}},"1":{"start":{"line":34,"column":0},"end":{"line":34,"column":7}},"2":{"start":{"line":68,"column":0},"end":{"line":68,"column":24}},"3":{"start":{"line":1,"column":0},"end":{"line":1,"column":44}},"4":{"start":{"line":3,"column":0},"end":{"line":3,"column":86}},"5":{"start":{"line":4,"column":0},"end":{"line":4,"column":49}},"6":{"start":{"line":5,"column":0},"end":{"line":5,"column":60}},"7":{"start":{"line":6,"column":0},"end":{"line":6,"column":66}},"8":{"start":{"line":7,"column":0},"end":{"line":7,"column":74}},"9":{"start":{"line":8,"column":0},"end":{"line":8,"column":58}},"10":{"start":{"line":11,"column":0},"end":{"line":11,"column":null}},"11":{"start":{"line":22,"column":2},"end":{"line":22,"column":36}},"12":{"start":{"line":23,"column":17},"end":{"line":23,"column":54}},"13":{"start":{"line":24,"column":2},"end":{"line":31,"column":4}},"14":{"start":{"line":35,"column":2},"end":{"line":35,"column":36}},"15":{"start":{"line":36,"column":19},"end":{"line":36,"column":43}},"16":{"start":{"line":37,"column":21},"end":{"line":37,"column":43}},"17":{"start":{"line":39,"column":2},"end":{"line":43,"column":3}},"18":{"start":{"line":40,"column":19},"end":{"line":40,"column":51}},"19":{"start":{"line":41,"column":17},"end":{"line":41,"column":56}},"20":{"start":{"line":42,"column":4},"end":{"line":42,"column":57}},"21":{"start":{"line":45,"column":2},"end":{"line":63,"column":3}},"22":{"start":{"line":46,"column":20},"end":{"line":46,"column":53}},"23":{"start":{"line":47,"column":21},"end":{"line":47,"column":55}},"24":{"start":{"line":48,"column":20},"end":{"line":48,"column":53}},"25":{"start":{"line":50,"column":4},"end":{"line":62,"column":5}},"26":{"start":{"line":51,"column":21},"end":{"line":51,"column":90}},"27":{"start":{"line":52,"column":6},"end":{"line":55,"column":33}},"28":{"start":{"line":57,"column":6},"end":{"line":57,"column":54}},"29":{"start":{"line":58,"column":6},"end":{"line":61,"column":33}},"30":{"start":{"line":65,"column":2},"end":{"line":65,"column":14}},"31":{"start":{"line":69,"column":34},"end":{"line":69,"column":64}},"32":{"start":{"line":70,"column":21},"end":{"line":70,"column":51}},"33":{"start":{"line":71,"column":21},"end":{"line":71,"column":36}},"34":{"start":{"line":72,"column":17},"end":{"line":72,"column":28}},"35":{"start":{"line":74,"column":30},"end":{"line":74,"column":64}},"36":{"start":{"line":75,"column":44},"end":{"line":75,"column":76}},"37":{"start":{"line":78,"column":22},"end":{"line":78,"column":74}},"38":{"start":{"line":78,"column":52},"end":{"line":78,"column":73}},"39":{"start":{"line":79,"column":44},"end":{"line":79,"column":92}},"40":{"start":{"line":81,"column":34},"end":{"line":81,"column":56}},"41":{"start":{"line":83,"column":20},"end":{"line":83,"column":53}},"42":{"start":{"line":84,"column":23},"end":{"line":84,"column":85}},"43":{"start":{"line":85,"column":19},"end":{"line":85,"column":77}},"44":{"start":{"line":88,"column":2},"end":{"line":92,"column":40}},"45":{"start":{"line":89,"column":4},"end":{"line":91,"column":5}},"46":{"start":{"line":90,"column":6},"end":{"line":90,"column":40}},"47":{"start":{"line":95,"column":25},"end":{"line":101,"column":3}},"48":{"start":{"line":96,"column":4},"end":{"line":96,"column":31}},"49":{"start":{"line":96,"column":24},"end":{"line":96,"column":31}},"50":{"start":{"line":97,"column":21},"end":{"line":97,"column":35}},"51":{"start":{"line":98,"column":4},"end":{"line":98,"column":42}},"52":{"start":{"line":99,"column":4},"end":{"line":99,"column":38}},"53":{"start":{"line":100,"column":4},"end":{"line":100,"column":41}},"54":{"start":{"line":103,"column":21},"end":{"line":110,"column":3}},"55":{"start":{"line":104,"column":21},"end":{"line":104,"column":35}},"56":{"start":{"line":105,"column":4},"end":{"line":105,"column":38}},"57":{"start":{"line":106,"column":4},"end":{"line":106,"column":46}},"58":{"start":{"line":107,"column":4},"end":{"line":107,"column":42}},"59":{"start":{"line":108,"column":4},"end":{"line":108,"column":46}},"60":{"start":{"line":109,"column":4},"end":{"line":109,"column":41}},"61":{"start":{"line":112,"column":18},"end":{"line":112,"column":69}},"62":{"start":{"line":114,"column":2},"end":{"line":187,"column":4}}},"fnMap":{"0":{"name":"loader","decl":{"start":{"line":21,"column":22},"end":{"line":21,"column":28}},"loc":{"start":{"line":21,"column":60},"end":{"line":32,"column":1}}},"1":{"name":"action","decl":{"start":{"line":34,"column":22},"end":{"line":34,"column":28}},"loc":{"start":{"line":34,"column":60},"end":{"line":66,"column":1}}},"2":{"name":"GeneratePage","decl":{"start":{"line":68,"column":24},"end":{"line":68,"column":36}},"loc":{"start":{"line":68,"column":36},"end":{"line":188,"column":1}}},"3":{"name":"(anonymous_3)","decl":{"start":{"line":78,"column":34},"end":{"line":78,"column":35}},"loc":{"start":{"line":78,"column":52},"end":{"line":78,"column":73}}},"4":{"name":"(anonymous_4)","decl":{"start":{"line":88,"column":12},"end":{"line":88,"column":15}},"loc":{"start":{"line":88,"column":17},"end":{"line":92,"column":3}}},"5":{"name":"(anonymous_5)","decl":{"start":{"line":95,"column":25},"end":{"line":95,"column":28}},"loc":{"start":{"line":95,"column":30},"end":{"line":101,"column":3}}},"6":{"name":"(anonymous_6)","decl":{"start":{"line":103,"column":21},"end":{"line":103,"column":24}},"loc":{"start":{"line":103,"column":26},"end":{"line":110,"column":3}}}},"branchMap":{"0":{"loc":{"start":{"line":39,"column":2},"end":{"line":43,"column":3}},"type":"if","locations":[{"start":{"line":39,"column":2},"end":{"line":43,"column":3}},{"start":{},"end":{}}]},"1":{"loc":{"start":{"line":45,"column":2},"end":{"line":63,"column":3}},"type":"if","locations":[{"start":{"line":45,"column":2},"end":{"line":63,"column":3}},{"start":{},"end":{}}]},"2":{"loc":{"start":{"line":54,"column":50},"end":{"line":54,"column":78}},"type":"binary-expr","locations":[{"start":{"line":54,"column":50},"end":{"line":54,"column":66}},{"start":{"line":54,"column":70},"end":{"line":54,"column":78}}]},"3":{"loc":{"start":{"line":60,"column":17},"end":{"line":60,"column":101}},"type":"cond-expr","locations":[{"start":{"line":60,"column":42},"end":{"line":60,"column":55}},{"start":{"line":60,"column":58},"end":{"line":60,"column":101}}]},"4":{"loc":{"start":{"line":74,"column":39},"end":{"line":74,"column":63}},"type":"binary-expr","locations":[{"start":{"line":74,"column":39},"end":{"line":74,"column":57}},{"start":{"line":74,"column":61},"end":{"line":74,"column":63}}]},"5":{"loc":{"start":{"line":75,"column":53},"end":{"line":75,"column":75}},"type":"binary-expr","locations":[{"start":{"line":75,"column":53},"end":{"line":75,"column":69}},{"start":{"line":75,"column":73},"end":{"line":75,"column":75}}]},"6":{"loc":{"start":{"line":79,"column":53},"end":{"line":79,"column":91}},"type":"binary-expr","locations":[{"start":{"line":79,"column":53},"end":{"line":79,"column":68}},{"start":{"line":79,"column":72},"end":{"line":79,"column":85}},{"start":{"line":79,"column":89},"end":{"line":79,"column":91}}]},"7":{"loc":{"start":{"line":84,"column":23},"end":{"line":84,"column":85}},"type":"binary-expr","locations":[{"start":{"line":84,"column":23},"end":{"line":84,"column":32}},{"start":{"line":84,"column":36},"end":{"line":84,"column":85}}]},"8":{"loc":{"start":{"line":85,"column":19},"end":{"line":85,"column":77}},"type":"binary-expr","locations":[{"start":{"line":85,"column":19},"end":{"line":85,"column":28}},{"start":{"line":85,"column":32},"end":{"line":85,"column":77}}]},"9":{"loc":{"start":{"line":89,"column":4},"end":{"line":91,"column":5}},"type":"if","locations":[{"start":{"line":89,"column":4},"end":{"line":91,"column":5}},{"start":{},"end":{}}]},"10":{"loc":{"start":{"line":89,"column":8},"end":{"line":89,"column":61}},"type":"binary-expr","locations":[{"start":{"line":89,"column":8},"end":{"line":89,"column":24}},{"start":{"line":89,"column":28},"end":{"line":89,"column":61}}]},"11":{"loc":{"start":{"line":96,"column":4},"end":{"line":96,"column":31}},"type":"if","locations":[{"start":{"line":96,"column":4},"end":{"line":96,"column":31}},{"start":{},"end":{}}]},"12":{"loc":{"start":{"line":112,"column":26},"end":{"line":112,"column":68}},"type":"binary-expr","locations":[{"start":{"line":112,"column":26},"end":{"line":112,"column":39}},{"start":{"line":112,"column":43},"end":{"line":112,"column":51}},{"start":{"line":112,"column":55},"end":{"line":112,"column":68}}]},"13":{"loc":{"start":{"line":121,"column":15},"end":{"line":122,"column":null}},"type":"binary-expr","locations":[{"start":{"line":121,"column":15},"end":{"line":121,"column":34}},{"start":{"line":122,"column":16},"end":{"line":122,"column":62}}]},"14":{"loc":{"start":{"line":124,"column":15},"end":{"line":125,"column":null}},"type":"binary-expr","locations":[{"start":{"line":124,"column":15},"end":{"line":124,"column":44}},{"start":{"line":125,"column":16},"end":{"line":125,"column":60}}]},"15":{"loc":{"start":{"line":138,"column":30},"end":{"line":138,"column":54}},"type":"binary-expr","locations":[{"start":{"line":138,"column":30},"end":{"line":138,"column":42}},{"start":{"line":138,"column":46},"end":{"line":138,"column":54}}]},"16":{"loc":{"start":{"line":152,"column":15},"end":{"line":174,"column":null}},"type":"binary-expr","locations":[{"start":{"line":152,"column":15},"end":{"line":152,"column":28}},{"start":{"line":153,"column":16},"end":{"line":173,"column":null}}]},"17":{"loc":{"start":{"line":165,"column":32},"end":{"line":165,"column":56}},"type":"binary-expr","locations":[{"start":{"line":165,"column":32},"end":{"line":165,"column":44}},{"start":{"line":165,"column":48},"end":{"line":165,"column":56}}]},"18":{"loc":{"start":{"line":171,"column":32},"end":{"line":171,"column":56}},"type":"binary-expr","locations":[{"start":{"line":171,"column":32},"end":{"line":171,"column":44}},{"start":{"line":171,"column":48},"end":{"line":171,"column":56}}]}},"s":{"0":0,"1":0,"2":0,"3":0,"4":0,"5":0,"6":0,"7":0,"8":0,"9":0,"10":0,"11":0,"12":0,"13":0,"14":0,"15":0,"16":0,"17":0,"18":0,"19":0,"20":0,"21":0,"22":0,"23":0,"24":0,"25":0,"26":0,"27":0,"28":0,"29":0,"30":0,"31":0,"32":0,"33":0,"34":0,"35":0,"36":0,"37":0,"38":0,"39":0,"40":0,"41":0,"42":0,"43":0,"44":0,"45":0,"46":0,"47":0,"48":0,"49":0,"50":0,"51":0,"52":0,"53":0,"54":0,"55":0,"56":0,"57":0,"58":0,"59":0,"60":0,"61":0,"62":0},"f":{"0":0,"1":0,"2":0,"3":0,"4":0,"5":0,"6":0},"b":{"0":[0,0],"1":[0,0],"2":[0,0],"3":[0,0],"4":[0,0],"5":[0,0],"6":[0,0,0],"7":[0,0],"8":[0,0],"9":[0,0],"10":[0,0],"11":[0,0],"12":[0,0,0],"13":[0,0],"14":[0,0],"15":[0,0],"16":[0,0],"17":[0,0],"18":[0,0]}}
,"/Users/lmtnolimit/working/ai-section-generator/app/routes/app.tsx": {"path":"/Users/lmtnolimit/working/ai-section-generator/app/routes/app.tsx","statementMap":{"0":{"start":{"line":15,"column":0},"end":{"line":15,"column":24}},"1":{"start":{"line":33,"column":0},"end":{"line":33,"column":16}},"2":{"start":{"line":2,"column":0},"end":{"line":2,"column":68}},"3":{"start":{"line":3,"column":0},"end":{"line":3,"column":68}},"4":{"start":{"line":4,"column":0},"end":{"line":4,"column":70}},"5":{"start":{"line":6,"column":0},"end":{"line":6,"column":49}},"6":{"start":{"line":8,"column":22},"end":{"line":13,"column":1}},"7":{"start":{"line":9,"column":2},"end":{"line":9,"column":36}},"8":{"start":{"line":12,"column":2},"end":{"line":12,"column":55}},"9":{"start":{"line":8,"column":13},"end":{"line":8,"column":22}},"10":{"start":{"line":16,"column":21},"end":{"line":16,"column":51}},"11":{"start":{"line":18,"column":2},"end":{"line":29,"column":4}},"12":{"start":{"line":34,"column":2},"end":{"line":34,"column":41}},"13":{"start":{"line":37,"column":40},"end":{"line":39,"column":1}},"14":{"start":{"line":38,"column":2},"end":{"line":38,"column":39}},"15":{"start":{"line":37,"column":13},"end":{"line":37,"column":40}}},"fnMap":{"0":{"name":"(anonymous_0)","decl":{"start":{"line":8,"column":22},"end":{"line":8,"column":27}},"loc":{"start":{"line":8,"column":64},"end":{"line":13,"column":1}}},"1":{"name":"App","decl":{"start":{"line":15,"column":24},"end":{"line":15,"column":27}},"loc":{"start":{"line":15,"column":27},"end":{"line":30,"column":1}}},"2":{"name":"ErrorBoundary","decl":{"start":{"line":33,"column":16},"end":{"line":33,"column":29}},"loc":{"start":{"line":33,"column":29},"end":{"line":35,"column":1}}},"3":{"name":"(anonymous_3)","decl":{"start":{"line":37,"column":40},"end":{"line":37,"column":41}},"loc":{"start":{"line":37,"column":56},"end":{"line":39,"column":1}}}},"branchMap":{"0":{"loc":{"start":{"line":12,"column":19},"end":{"line":12,"column":52}},"type":"binary-expr","locations":[{"start":{"line":12,"column":19},"end":{"line":12,"column":46}},{"start":{"line":12,"column":50},"end":{"line":12,"column":52}}]}},"s":{"0":0,"1":0,"2":0,"3":0,"4":0,"5":0,"6":0,"7":0,"8":0,"9":0,"10":0,"11":0,"12":0,"13":0,"14":0,"15":0},"f":{"0":0,"1":0,"2":0,"3":0},"b":{"0":[0,0]}}
,"/Users/lmtnolimit/working/ai-section-generator/app/routes/auth.$.tsx": {"path":"/Users/lmtnolimit/working/ai-section-generator/app/routes/auth.$.tsx","statementMap":{"0":{"start":{"line":3,"column":0},"end":{"line":3,"column":49}},"1":{"start":{"line":4,"column":0},"end":{"line":4,"column":68}},"2":{"start":{"line":6,"column":22},"end":{"line":10,"column":1}},"3":{"start":{"line":7,"column":2},"end":{"line":7,"column":36}},"4":{"start":{"line":9,"column":2},"end":{"line":9,"column":14}},"5":{"start":{"line":6,"column":13},"end":{"line":6,"column":22}},"6":{"start":{"line":12,"column":40},"end":{"line":14,"column":1}},"7":{"start":{"line":13,"column":2},"end":{"line":13,"column":39}},"8":{"start":{"line":12,"column":13},"end":{"line":12,"column":40}}},"fnMap":{"0":{"name":"(anonymous_0)","decl":{"start":{"line":6,"column":22},"end":{"line":6,"column":27}},"loc":{"start":{"line":6,"column":64},"end":{"line":10,"column":1}}},"1":{"name":"(anonymous_1)","decl":{"start":{"line":12,"column":40},"end":{"line":12,"column":41}},"loc":{"start":{"line":12,"column":56},"end":{"line":14,"column":1}}}},"branchMap":{},"s":{"0":0,"1":0,"2":0,"3":0,"4":0,"5":0,"6":0,"7":0,"8":0},"f":{"0":0,"1":0},"b":{}}
,"/Users/lmtnolimit/working/ai-section-generator/app/routes/webhooks.app.scopes_update.tsx": {"path":"/Users/lmtnolimit/working/ai-section-generator/app/routes/webhooks.app.scopes_update.tsx","statementMap":{"0":{"start":{"line":2,"column":0},"end":{"line":2,"column":49}},"1":{"start":{"line":3,"column":0},"end":{"line":3,"column":30}},"2":{"start":{"line":5,"column":22},"end":{"line":21,"column":1}},"3":{"start":{"line":6,"column":46},"end":{"line":6,"column":81}},"4":{"start":{"line":7,"column":4},"end":{"line":7,"column":57}},"5":{"start":{"line":9,"column":20},"end":{"line":9,"column":47}},"6":{"start":{"line":10,"column":4},"end":{"line":19,"column":5}},"7":{"start":{"line":11,"column":8},"end":{"line":18,"column":11}},"8":{"start":{"line":20,"column":4},"end":{"line":20,"column":26}},"9":{"start":{"line":5,"column":13},"end":{"line":5,"column":22}}},"fnMap":{"0":{"name":"(anonymous_1)","decl":{"start":{"line":5,"column":22},"end":{"line":5,"column":27}},"loc":{"start":{"line":5,"column":64},"end":{"line":21,"column":1}}}},"branchMap":{"0":{"loc":{"start":{"line":10,"column":4},"end":{"line":19,"column":5}},"type":"if","locations":[{"start":{"line":10,"column":4},"end":{"line":19,"column":5}},{"start":{},"end":{}}]}},"s":{"0":0,"1":0,"2":0,"3":0,"4":0,"5":0,"6":0,"7":0,"8":0,"9":0},"f":{"0":0},"b":{"0":[0,0]}}
,"/Users/lmtnolimit/working/ai-section-generator/app/routes/webhooks.app.uninstalled.tsx": {"path":"/Users/lmtnolimit/working/ai-section-generator/app/routes/webhooks.app.uninstalled.tsx","statementMap":{"0":{"start":{"line":2,"column":0},"end":{"line":2,"column":49}},"1":{"start":{"line":3,"column":0},"end":{"line":3,"column":30}},"2":{"start":{"line":5,"column":22},"end":{"line":17,"column":1}},"3":{"start":{"line":6,"column":35},"end":{"line":6,"column":70}},"4":{"start":{"line":8,"column":2},"end":{"line":8,"column":55}},"5":{"start":{"line":12,"column":2},"end":{"line":14,"column":3}},"6":{"start":{"line":13,"column":4},"end":{"line":13,"column":53}},"7":{"start":{"line":16,"column":2},"end":{"line":16,"column":24}},"8":{"start":{"line":5,"column":13},"end":{"line":5,"column":22}}},"fnMap":{"0":{"name":"(anonymous_1)","decl":{"start":{"line":5,"column":22},"end":{"line":5,"column":27}},"loc":{"start":{"line":5,"column":64},"end":{"line":17,"column":1}}}},"branchMap":{"0":{"loc":{"start":{"line":12,"column":2},"end":{"line":14,"column":3}},"type":"if","locations":[{"start":{"line":12,"column":2},"end":{"line":14,"column":3}},{"start":{},"end":{}}]}},"s":{"0":0,"1":0,"2":0,"3":0,"4":0,"5":0,"6":0,"7":0,"8":0},"f":{"0":0},"b":{"0":[0,0]}}
,"/Users/lmtnolimit/working/ai-section-generator/app/routes/_index/route.tsx": {"path":"/Users/lmtnolimit/working/ai-section-generator/app/routes/_index/route.tsx","statementMap":{"0":{"start":{"line":18,"column":0},"end":{"line":18,"column":24}},"1":{"start":{"line":2,"column":0},"end":{"line":2,"column":61}},"2":{"start":{"line":4,"column":0},"end":{"line":4,"column":45}},"3":{"start":{"line":6,"column":0},"end":{"line":6,"column":41}},"4":{"start":{"line":8,"column":22},"end":{"line":16,"column":1}},"5":{"start":{"line":9,"column":14},"end":{"line":9,"column":34}},"6":{"start":{"line":11,"column":2},"end":{"line":13,"column":3}},"7":{"start":{"line":12,"column":4},"end":{"line":12,"column":58}},"8":{"start":{"line":15,"column":2},"end":{"line":15,"column":38}},"9":{"start":{"line":8,"column":13},"end":{"line":8,"column":22}},"10":{"start":{"line":19,"column":23},"end":{"line":19,"column":53}},"11":{"start":{"line":21,"column":2},"end":{"line":56,"column":4}}},"fnMap":{"0":{"name":"(anonymous_1)","decl":{"start":{"line":8,"column":22},"end":{"line":8,"column":27}},"loc":{"start":{"line":8,"column":64},"end":{"line":16,"column":1}}},"1":{"name":"App","decl":{"start":{"line":18,"column":24},"end":{"line":18,"column":27}},"loc":{"start":{"line":18,"column":27},"end":{"line":57,"column":1}}}},"branchMap":{"0":{"loc":{"start":{"line":11,"column":2},"end":{"line":13,"column":3}},"type":"if","locations":[{"start":{"line":11,"column":2},"end":{"line":13,"column":3}},{"start":{},"end":{}}]},"1":{"loc":{"start":{"line":28,"column":9},"end":{"line":38,"column":null}},"type":"binary-expr","locations":[{"start":{"line":28,"column":9},"end":{"line":28,"column":17}},{"start":{"line":29,"column":10},"end":{"line":37,"column":null}}]}},"s":{"0":0,"1":0,"2":0,"3":0,"4":0,"5":0,"6":0,"7":0,"8":0,"9":0,"10":0,"11":0},"f":{"0":0,"1":0},"b":{"0":[0,0],"1":[0,0]}}
,"/Users/lmtnolimit/working/ai-section-generator/app/routes/auth.login/error.server.tsx": {"path":"/Users/lmtnolimit/working/ai-section-generator/app/routes/auth.login/error.server.tsx","statementMap":{"0":{"start":{"line":8,"column":0},"end":{"line":8,"column":16}},"1":{"start":{"line":2,"column":0},"end":{"line":2,"column":74}},"2":{"start":{"line":9,"column":2},"end":{"line":13,"column":3}},"3":{"start":{"line":10,"column":4},"end":{"line":10,"column":63}},"4":{"start":{"line":11,"column":9},"end":{"line":13,"column":3}},"5":{"start":{"line":12,"column":4},"end":{"line":12,"column":66}},"6":{"start":{"line":15,"column":2},"end":{"line":15,"column":12}}},"fnMap":{"0":{"name":"loginErrorMessage","decl":{"start":{"line":8,"column":16},"end":{"line":8,"column":33}},"loc":{"start":{"line":8,"column":57},"end":{"line":16,"column":1}}}},"branchMap":{"0":{"loc":{"start":{"line":9,"column":2},"end":{"line":13,"column":3}},"type":"if","locations":[{"start":{"line":9,"column":2},"end":{"line":13,"column":3}},{"start":{"line":11,"column":9},"end":{"line":13,"column":3}}]},"1":{"loc":{"start":{"line":11,"column":9},"end":{"line":13,"column":3}},"type":"if","locations":[{"start":{"line":11,"column":9},"end":{"line":13,"column":3}},{"start":{},"end":{}}]}},"s":{"0":0,"1":0,"2":0,"3":0,"4":0,"5":0,"6":0},"f":{"0":0},"b":{"0":[0,0],"1":[0,0]}}
,"/Users/lmtnolimit/working/ai-section-generator/app/routes/auth.login/route.tsx": {"path":"/Users/lmtnolimit/working/ai-section-generator/app/routes/auth.login/route.tsx","statementMap":{"0":{"start":{"line":23,"column":0},"end":{"line":23,"column":24}},"1":{"start":{"line":1,"column":0},"end":{"line":1,"column":70}},"2":{"start":{"line":2,"column":0},"end":{"line":2,"column":33}},"3":{"start":{"line":4,"column":0},"end":{"line":4,"column":66}},"4":{"start":{"line":6,"column":0},"end":{"line":6,"column":45}},"5":{"start":{"line":7,"column":0},"end":{"line":7,"column":51}},"6":{"start":{"line":9,"column":22},"end":{"line":13,"column":1}},"7":{"start":{"line":10,"column":17},"end":{"line":10,"column":56}},"8":{"start":{"line":12,"column":2},"end":{"line":12,"column":20}},"9":{"start":{"line":9,"column":13},"end":{"line":9,"column":22}},"10":{"start":{"line":15,"column":22},"end":{"line":21,"column":1}},"11":{"start":{"line":16,"column":17},"end":{"line":16,"column":56}},"12":{"start":{"line":18,"column":2},"end":{"line":20,"column":4}},"13":{"start":{"line":15,"column":13},"end":{"line":15,"column":22}},"14":{"start":{"line":24,"column":21},"end":{"line":24,"column":51}},"15":{"start":{"line":25,"column":21},"end":{"line":25,"column":51}},"16":{"start":{"line":26,"column":26},"end":{"line":26,"column":38}},"17":{"start":{"line":27,"column":21},"end":{"line":27,"column":45}},"18":{"start":{"line":29,"column":27},"end":{"line":32,"column":3}},"19":{"start":{"line":30,"column":19},"end":{"line":30,"column":54}},"20":{"start":{"line":31,"column":4},"end":{"line":31,"column":26}},"21":{"start":{"line":34,"column":2},"end":{"line":53,"column":4}}},"fnMap":{"0":{"name":"(anonymous_0)","decl":{"start":{"line":9,"column":22},"end":{"line":9,"column":27}},"loc":{"start":{"line":9,"column":64},"end":{"line":13,"column":1}}},"1":{"name":"(anonymous_1)","decl":{"start":{"line":15,"column":22},"end":{"line":15,"column":27}},"loc":{"start":{"line":15,"column":64},"end":{"line":21,"column":1}}},"2":{"name":"Auth","decl":{"start":{"line":23,"column":24},"end":{"line":23,"column":28}},"loc":{"start":{"line":23,"column":28},"end":{"line":54,"column":1}}},"3":{"name":"(anonymous_3)","decl":{"start":{"line":29,"column":27},"end":{"line":29,"column":28}},"loc":{"start":{"line":29,"column":40},"end":{"line":32,"column":3}}}},"branchMap":{"0":{"loc":{"start":{"line":27,"column":21},"end":{"line":27,"column":45}},"type":"binary-expr","locations":[{"start":{"line":27,"column":21},"end":{"line":27,"column":31}},{"start":{"line":27,"column":35},"end":{"line":27,"column":45}}]}},"s":{"0":0,"1":0,"2":0,"3":0,"4":0,"5":0,"6":0,"7":0,"8":0,"9":0,"10":0,"11":0,"12":0,"13":0,"14":0,"15":0,"16":0,"17":0,"18":0,"19":0,"20":0,"21":0},"f":{"0":0,"1":0,"2":0,"3":0},"b":{"0":[0,0]}}
,"/Users/lmtnolimit/working/ai-section-generator/app/services/adapters/ai-adapter.ts": {"path":"/Users/lmtnolimit/working/ai-section-generator/app/services/adapters/ai-adapter.ts","statementMap":{"0":{"start":{"line":2,"column":0},"end":{"line":2,"column":67}},"1":{"start":{"line":3,"column":0},"end":{"line":3,"column":41}},"2":{"start":{"line":4,"column":0},"end":{"line":4,"column":56}},"3":{"start":{"line":14,"column":4},"end":{"line":14,"column":23}},"4":{"start":{"line":15,"column":4},"end":{"line":17,"column":18}},"5":{"start":{"line":21,"column":4},"end":{"line":21,"column":48}},"6":{"start":{"line":25,"column":4},"end":{"line":25,"column":47}},"7":{"start":{"line":29,"column":4},"end":{"line":29,"column":32}},"8":{"start":{"line":33,"column":13},"end":{"line":33,"column":41}}},"fnMap":{"0":{"name":"(anonymous_0)","decl":{"start":{"line":13,"column":2},"end":{"line":13,"column":null}},"loc":{"start":{"line":13,"column":2},"end":{"line":18,"column":3}}},"1":{"name":"(anonymous_1)","decl":{"start":{"line":20,"column":2},"end":{"line":20,"column":7}},"loc":{"start":{"line":20,"column":38},"end":{"line":22,"column":3}}},"2":{"name":"(anonymous_2)","decl":{"start":{"line":24,"column":2},"end":{"line":24,"column":16}},"loc":{"start":{"line":24,"column":31},"end":{"line":26,"column":3}}},"3":{"name":"(anonymous_3)","decl":{"start":{"line":28,"column":2},"end":{"line":28,"column":16}},"loc":{"start":{"line":28,"column":16},"end":{"line":30,"column":3}}}},"branchMap":{"0":{"loc":{"start":{"line":15,"column":19},"end":{"line":17,"column":17}},"type":"cond-expr","locations":[{"start":{"line":16,"column":8},"end":{"line":16,"column":21}},{"start":{"line":17,"column":8},"end":{"line":17,"column":17}}]}},"s":{"0":1,"1":1,"2":1,"3":1,"4":1,"5":2,"6":1,"7":1,"8":1},"f":{"0":1,"1":2,"2":1,"3":1},"b":{"0":[1,0]}}
,"/Users/lmtnolimit/working/ai-section-generator/app/services/adapters/theme-adapter.ts": {"path":"/Users/lmtnolimit/working/ai-section-generator/app/services/adapters/theme-adapter.ts","statementMap":{"0":{"start":{"line":2,"column":0},"end":{"line":2,"column":67}},"1":{"start":{"line":3,"column":0},"end":{"line":3,"column":47}},"2":{"start":{"line":4,"column":0},"end":{"line":4,"column":62}},"3":{"start":{"line":14,"column":4},"end":{"line":14,"column":23}},"4":{"start":{"line":15,"column":4},"end":{"line":17,"column":21}},"5":{"start":{"line":21,"column":4},"end":{"line":21,"column":43}},"6":{"start":{"line":30,"column":4},"end":{"line":30,"column":75}},"7":{"start":{"line":35,"column":4},"end":{"line":35,"column":35}},"8":{"start":{"line":39,"column":13},"end":{"line":39,"column":47}}},"fnMap":{"0":{"name":"(anonymous_0)","decl":{"start":{"line":13,"column":2},"end":{"line":13,"column":null}},"loc":{"start":{"line":13,"column":2},"end":{"line":18,"column":3}}},"1":{"name":"(anonymous_1)","decl":{"start":{"line":20,"column":2},"end":{"line":20,"column":7}},"loc":{"start":{"line":20,"column":34},"end":{"line":22,"column":3}}},"2":{"name":"(anonymous_2)","decl":{"start":{"line":24,"column":2},"end":{"line":24,"column":7}},"loc":{"start":{"line":28,"column":19},"end":{"line":31,"column":3}}},"3":{"name":"(anonymous_3)","decl":{"start":{"line":34,"column":2},"end":{"line":34,"column":16}},"loc":{"start":{"line":34,"column":16},"end":{"line":36,"column":3}}}},"branchMap":{"0":{"loc":{"start":{"line":15,"column":19},"end":{"line":17,"column":20}},"type":"cond-expr","locations":[{"start":{"line":16,"column":8},"end":{"line":16,"column":24}},{"start":{"line":17,"column":8},"end":{"line":17,"column":20}}]}},"s":{"0":1,"1":1,"2":1,"3":1,"4":1,"5":2,"6":2,"7":1,"8":1},"f":{"0":1,"1":2,"2":2,"3":1},"b":{"0":[1,0]}}
,"/Users/lmtnolimit/working/ai-section-generator/app/services/flags/feature-flags.ts": {"path":"/Users/lmtnolimit/working/ai-section-generator/app/services/flags/feature-flags.ts","statementMap":{"0":{"start":{"line":15,"column":0},"end":{"line":15,"column":null}},"1":{"start":{"line":17,"column":2},"end":{"line":17,"column":null}},"2":{"start":{"line":18,"column":2},"end":{"line":18,"column":null}},"3":{"start":{"line":21,"column":2},"end":{"line":21,"column":null}},"4":{"start":{"line":22,"column":2},"end":{"line":22,"column":null}},"5":{"start":{"line":23,"column":2},"end":{"line":23,"column":null}},"6":{"start":{"line":26,"column":2},"end":{"line":26,"column":null}},"7":{"start":{"line":27,"column":2},"end":{"line":27,"column":null}},"8":{"start":{"line":30,"column":2},"end":{"line":30,"column":null}},"9":{"start":{"line":31,"column":2},"end":{"line":31,"column":null}},"10":{"start":{"line":34,"column":13},"end":{"line":80,"column":2}}},"fnMap":{"0":{"name":"(anonymous_0)","decl":{"start":{"line":15,"column":0},"end":{"line":15,"column":12}},"loc":{"start":{"line":15,"column":26},"end":{"line":32,"column":1}}}},"branchMap":{"0":{"loc":{"start":{"line":15,"column":12},"end":{"line":15,"column":null}},"type":"binary-expr","locations":[{"start":{"line":15,"column":12},"end":{"line":15,"column":26}},{"start":{"line":15,"column":26},"end":{"line":15,"column":null}}]}},"s":{"0":2,"1":2,"2":2,"3":2,"4":2,"5":2,"6":2,"7":2,"8":2,"9":2,"10":2},"f":{"0":2},"b":{"0":[2,2]}}
,"/Users/lmtnolimit/working/ai-section-generator/app/services/flags/flag-utils.ts": {"path":"/Users/lmtnolimit/working/ai-section-generator/app/services/flags/flag-utils.ts","statementMap":{"0":{"start":{"line":1,"column":0},"end":{"line":1,"column":79}},"1":{"start":{"line":4,"column":0},"end":{"line":4,"column":9}},"2":{"start":{"line":4,"column":9},"end":{"line":4,"column":49}},"3":{"start":{"line":7,"column":46},"end":{"line":7,"column":55}},"4":{"start":{"line":14,"column":4},"end":{"line":16,"column":5}},"5":{"start":{"line":15,"column":6},"end":{"line":15,"column":38}},"6":{"start":{"line":19,"column":19},"end":{"line":19,"column":46}},"7":{"start":{"line":20,"column":21},"end":{"line":20,"column":40}},"8":{"start":{"line":21,"column":4},"end":{"line":23,"column":5}},"9":{"start":{"line":22,"column":6},"end":{"line":22,"column":42}},"10":{"start":{"line":26,"column":4},"end":{"line":26,"column":42}},"11":{"start":{"line":33,"column":18},"end":{"line":33,"column":35}},"12":{"start":{"line":34,"column":4},"end":{"line":34,"column":46}},"13":{"start":{"line":41,"column":4},"end":{"line":41,"column":35}},"14":{"start":{"line":48,"column":4},"end":{"line":48,"column":27}},"15":{"start":{"line":55,"column":46},"end":{"line":55,"column":48}},"16":{"start":{"line":56,"column":4},"end":{"line":58,"column":7}},"17":{"start":{"line":57,"column":6},"end":{"line":57,"column":56}},"18":{"start":{"line":59,"column":4},"end":{"line":59,"column":18}},"19":{"start":{"line":66,"column":4},"end":{"line":68,"column":5}},"20":{"start":{"line":67,"column":6},"end":{"line":67,"column":13}},"21":{"start":{"line":70,"column":4},"end":{"line":70,"column":41}},"22":{"start":{"line":71,"column":4},"end":{"line":75,"column":7}},"23":{"start":{"line":72,"column":20},"end":{"line":72,"column":55}},"24":{"start":{"line":73,"column":24},"end":{"line":73,"column":51}},"25":{"start":{"line":74,"column":6},"end":{"line":74,"column":89}},"26":{"start":{"line":76,"column":4},"end":{"line":76,"column":40}},"27":{"start":{"line":81,"column":4},"end":{"line":81,"column":52}},"28":{"start":{"line":81,"column":40},"end":{"line":81,"column":52}},"29":{"start":{"line":82,"column":4},"end":{"line":82,"column":54}},"30":{"start":{"line":82,"column":41},"end":{"line":82,"column":54}},"31":{"start":{"line":85,"column":16},"end":{"line":85,"column":29}},"32":{"start":{"line":86,"column":4},"end":{"line":86,"column":32}},"33":{"start":{"line":86,"column":21},"end":{"line":86,"column":32}},"34":{"start":{"line":89,"column":4},"end":{"line":89,"column":17}},"35":{"start":{"line":93,"column":13},"end":{"line":93,"column":52}},"36":{"start":{"line":100,"column":25},"end":{"line":100,"column":76}},"37":{"start":{"line":100,"column":50},"end":{"line":100,"column":76}},"38":{"start":{"line":100,"column":13},"end":{"line":100,"column":25}},"39":{"start":{"line":107,"column":23},"end":{"line":107,"column":72}},"40":{"start":{"line":107,"column":48},"end":{"line":107,"column":72}},"41":{"start":{"line":107,"column":13},"end":{"line":107,"column":23}}},"fnMap":{"0":{"name":"(anonymous_0)","decl":{"start":{"line":4,"column":9},"end":{"line":4,"column":23}},"loc":{"start":{"line":4,"column":9},"end":{"line":4,"column":49}}},"1":{"name":"(anonymous_1)","decl":{"start":{"line":12,"column":2},"end":{"line":12,"column":9}},"loc":{"start":{"line":12,"column":29},"end":{"line":27,"column":3}}},"2":{"name":"(anonymous_2)","decl":{"start":{"line":32,"column":2},"end":{"line":32,"column":11}},"loc":{"start":{"line":32,"column":31},"end":{"line":35,"column":3}}},"3":{"name":"(anonymous_3)","decl":{"start":{"line":40,"column":2},"end":{"line":40,"column":13}},"loc":{"start":{"line":40,"column":51},"end":{"line":42,"column":3}}},"4":{"name":"(anonymous_4)","decl":{"start":{"line":47,"column":2},"end":{"line":47,"column":16}},"loc":{"start":{"line":47,"column":16},"end":{"line":49,"column":3}}},"5":{"name":"(anonymous_5)","decl":{"start":{"line":54,"column":2},"end":{"line":54,"column":13}},"loc":{"start":{"line":54,"column":13},"end":{"line":60,"column":3}}},"6":{"name":"(anonymous_6)","decl":{"start":{"line":56,"column":38},"end":{"line":56,"column":39}},"loc":{"start":{"line":56,"column":46},"end":{"line":58,"column":5}}},"7":{"name":"(anonymous_7)","decl":{"start":{"line":65,"column":2},"end":{"line":65,"column":10}},"loc":{"start":{"line":65,"column":10},"end":{"line":77,"column":3}}},"8":{"name":"(anonymous_8)","decl":{"start":{"line":71,"column":41},"end":{"line":71,"column":42}},"loc":{"start":{"line":71,"column":57},"end":{"line":75,"column":5}}},"9":{"name":"(anonymous_9)","decl":{"start":{"line":79,"column":10},"end":{"line":79,"column":23}},"loc":{"start":{"line":79,"column":37},"end":{"line":90,"column":3}}},"10":{"name":"(anonymous_10)","decl":{"start":{"line":100,"column":25},"end":{"line":100,"column":26}},"loc":{"start":{"line":100,"column":50},"end":{"line":100,"column":76}}},"11":{"name":"(anonymous_11)","decl":{"start":{"line":107,"column":23},"end":{"line":107,"column":24}},"loc":{"start":{"line":107,"column":48},"end":{"line":107,"column":72}}}},"branchMap":{"0":{"loc":{"start":{"line":14,"column":4},"end":{"line":16,"column":5}},"type":"if","locations":[{"start":{"line":14,"column":4},"end":{"line":16,"column":5}},{"start":{},"end":{}}]},"1":{"loc":{"start":{"line":21,"column":4},"end":{"line":23,"column":5}},"type":"if","locations":[{"start":{"line":21,"column":4},"end":{"line":23,"column":5}},{"start":{},"end":{}}]},"2":{"loc":{"start":{"line":34,"column":11},"end":{"line":34,"column":45}},"type":"binary-expr","locations":[{"start":{"line":34,"column":11},"end":{"line":34,"column":25}},{"start":{"line":34,"column":29},"end":{"line":34,"column":45}}]},"3":{"loc":{"start":{"line":66,"column":4},"end":{"line":68,"column":5}},"type":"if","locations":[{"start":{"line":66,"column":4},"end":{"line":68,"column":5}},{"start":{},"end":{}}]},"4":{"loc":{"start":{"line":74,"column":45},"end":{"line":74,"column":85}},"type":"cond-expr","locations":[{"start":{"line":74,"column":57},"end":{"line":74,"column":68}},{"start":{"line":74,"column":71},"end":{"line":74,"column":85}}]},"5":{"loc":{"start":{"line":81,"column":4},"end":{"line":81,"column":52}},"type":"if","locations":[{"start":{"line":81,"column":4},"end":{"line":81,"column":52}},{"start":{},"end":{}}]},"6":{"loc":{"start":{"line":82,"column":4},"end":{"line":82,"column":54}},"type":"if","locations":[{"start":{"line":82,"column":4},"end":{"line":82,"column":54}},{"start":{},"end":{}}]},"7":{"loc":{"start":{"line":86,"column":4},"end":{"line":86,"column":32}},"type":"if","locations":[{"start":{"line":86,"column":4},"end":{"line":86,"column":32}},{"start":{},"end":{}}]}},"s":{"0":1,"1":1,"2":34,"3":1,"4":45,"5":12,"6":33,"7":33,"8":33,"9":8,"10":25,"11":7,"12":7,"13":13,"14":19,"15":2,"16":2,"17":18,"18":2,"19":2,"20":1,"21":1,"22":1,"23":9,"24":9,"25":9,"26":1,"27":8,"28":1,"29":7,"30":2,"31":5,"32":5,"33":4,"34":1,"35":1,"36":1,"37":1,"38":1,"39":1,"40":1,"41":1},"f":{"0":33,"1":45,"2":7,"3":13,"4":19,"5":2,"6":18,"7":2,"8":9,"9":8,"10":1,"11":1},"b":{"0":[12,33],"1":[8,25],"2":[7,4],"3":[1,1],"4":[8,1],"5":[1,7],"6":[2,5],"7":[4,1]}}
,"/Users/lmtnolimit/working/ai-section-generator/app/services/mocks/mock-ai.server.ts": {"path":"/Users/lmtnolimit/working/ai-section-generator/app/services/mocks/mock-ai.server.ts","statementMap":{"0":{"start":{"line":2,"column":0},"end":{"line":2,"column":64}},"1":{"start":{"line":3,"column":0},"end":{"line":3,"column":41}},"2":{"start":{"line":8,"column":4},"end":{"line":8,"column":36}},"3":{"start":{"line":10,"column":4},"end":{"line":10,"column":36}},"4":{"start":{"line":11,"column":18},"end":{"line":11,"column":48}},"5":{"start":{"line":13,"column":4},"end":{"line":13,"column":87}},"6":{"start":{"line":16,"column":24},"end":{"line":16,"column":44}},"7":{"start":{"line":17,"column":4},"end":{"line":19,"column":5}},"8":{"start":{"line":18,"column":6},"end":{"line":18,"column":42}},"9":{"start":{"line":20,"column":4},"end":{"line":22,"column":5}},"10":{"start":{"line":21,"column":6},"end":{"line":21,"column":42}},"11":{"start":{"line":25,"column":4},"end":{"line":25,"column":39}},"12":{"start":{"line":29,"column":4},"end":{"line":29,"column":39}},"13":{"start":{"line":33,"column":32},"end":{"line":33,"column":91}},"14":{"start":{"line":33,"column":38},"end":{"line":33,"column":65}},"15":{"start":{"line":33,"column":75},"end":{"line":33,"column":90}},"16":{"start":{"line":34,"column":4},"end":{"line":36,"column":5}},"17":{"start":{"line":35,"column":6},"end":{"line":35,"column":61}},"18":{"start":{"line":35,"column":36},"end":{"line":35,"column":59}},"19":{"start":{"line":5,"column":0},"end":{"line":5,"column":13}},"20":{"start":{"line":40,"column":13},"end":{"line":40,"column":49}}},"fnMap":{"0":{"name":"(anonymous_9)","decl":{"start":{"line":6,"column":2},"end":{"line":6,"column":7}},"loc":{"start":{"line":6,"column":38},"end":{"line":26,"column":3}}},"1":{"name":"(anonymous_10)","decl":{"start":{"line":28,"column":2},"end":{"line":28,"column":16}},"loc":{"start":{"line":28,"column":31},"end":{"line":30,"column":3}}},"2":{"name":"(anonymous_11)","decl":{"start":{"line":32,"column":10},"end":{"line":32,"column":15}},"loc":{"start":{"line":32,"column":42},"end":{"line":37,"column":3}}},"3":{"name":"(anonymous_12)","decl":{"start":{"line":33,"column":38},"end":{"line":33,"column":45}},"loc":{"start":{"line":33,"column":38},"end":{"line":33,"column":65}}},"4":{"name":"(anonymous_13)","decl":{"start":{"line":33,"column":70},"end":{"line":33,"column":71}},"loc":{"start":{"line":33,"column":75},"end":{"line":33,"column":90}}},"5":{"name":"(anonymous_14)","decl":{"start":{"line":35,"column":25},"end":{"line":35,"column":32}},"loc":{"start":{"line":35,"column":36},"end":{"line":35,"column":59}}}},"branchMap":{"0":{"loc":{"start":{"line":17,"column":4},"end":{"line":19,"column":5}},"type":"if","locations":[{"start":{"line":17,"column":4},"end":{"line":19,"column":5}},{"start":{},"end":{}}]},"1":{"loc":{"start":{"line":20,"column":4},"end":{"line":22,"column":5}},"type":"if","locations":[{"start":{"line":20,"column":4},"end":{"line":22,"column":5}},{"start":{},"end":{}}]},"2":{"loc":{"start":{"line":20,"column":8},"end":{"line":20,"column":71}},"type":"binary-expr","locations":[{"start":{"line":20,"column":8},"end":{"line":20,"column":39}},{"start":{"line":20,"column":43},"end":{"line":20,"column":71}}]},"3":{"loc":{"start":{"line":34,"column":4},"end":{"line":36,"column":5}},"type":"if","locations":[{"start":{"line":34,"column":4},"end":{"line":36,"column":5}},{"start":{},"end":{}}]}},"s":{"0":3,"1":3,"2":20,"3":20,"4":20,"5":20,"6":20,"7":20,"8":2,"9":18,"10":1,"11":17,"12":20,"13":20,"14":20,"15":20,"16":20,"17":0,"18":0,"19":3,"20":3},"f":{"0":20,"1":20,"2":20,"3":20,"4":20,"5":0},"b":{"0":[2,18],"1":[1,17],"2":[18,1],"3":[0,20]}}
,"/Users/lmtnolimit/working/ai-section-generator/app/services/mocks/mock-data.ts": {"path":"/Users/lmtnolimit/working/ai-section-generator/app/services/mocks/mock-data.ts","statementMap":{"0":{"start":{"line":86,"column":0},"end":{"line":86,"column":16}},"1":{"start":{"line":3,"column":13},"end":{"line":25,"column":2}},"2":{"start":{"line":27,"column":13},"end":{"line":84,"column":2}},"3":{"start":{"line":87,"column":2},"end":{"line":112,"column":11}}},"fnMap":{"0":{"name":"generateMockSection","decl":{"start":{"line":86,"column":16},"end":{"line":86,"column":35}},"loc":{"start":{"line":86,"column":50},"end":{"line":113,"column":1}}}},"branchMap":{},"s":{"0":5,"1":5,"2":5,"3":20},"f":{"0":20},"b":{}}
,"/Users/lmtnolimit/working/ai-section-generator/app/services/mocks/mock-store.ts": {"path":"/Users/lmtnolimit/working/ai-section-generator/app/services/mocks/mock-store.ts","statementMap":{"0":{"start":{"line":9,"column":34},"end":{"line":12,"column":4}},"1":{"start":{"line":15,"column":16},"end":{"line":15,"column":40}},"2":{"start":{"line":16,"column":40},"end":{"line":21,"column":6}},"3":{"start":{"line":23,"column":4},"end":{"line":23,"column":48}},"4":{"start":{"line":24,"column":4},"end":{"line":24,"column":20}},"5":{"start":{"line":28,"column":42},"end":{"line":28,"column":44}},"6":{"start":{"line":29,"column":4},"end":{"line":33,"column":7}},"7":{"start":{"line":30,"column":6},"end":{"line":32,"column":7}},"8":{"start":{"line":31,"column":8},"end":{"line":31,"column":32}},"9":{"start":{"line":34,"column":4},"end":{"line":34,"column":20}},"10":{"start":{"line":38,"column":4},"end":{"line":38,"column":40}},"11":{"start":{"line":42,"column":4},"end":{"line":42,"column":38}},"12":{"start":{"line":46,"column":4},"end":{"line":46,"column":37}},"13":{"start":{"line":47,"column":4},"end":{"line":47,"column":35}},"14":{"start":{"line":51,"column":15},"end":{"line":51,"column":16}},"15":{"start":{"line":52,"column":4},"end":{"line":56,"column":5}},"16":{"start":{"line":52,"column":17},"end":{"line":52,"column":18}},"17":{"start":{"line":53,"column":19},"end":{"line":53,"column":40}},"18":{"start":{"line":54,"column":6},"end":{"line":54,"column":41}},"19":{"start":{"line":55,"column":6},"end":{"line":55,"column":25}},"20":{"start":{"line":57,"column":4},"end":{"line":57,"column":39}},"21":{"start":{"line":61,"column":13},"end":{"line":61,"column":41}}},"fnMap":{"0":{"name":"(anonymous_0)","decl":{"start":{"line":14,"column":2},"end":{"line":14,"column":13}},"loc":{"start":{"line":14,"column":64},"end":{"line":25,"column":3}}},"1":{"name":"(anonymous_1)","decl":{"start":{"line":27,"column":2},"end":{"line":27,"column":13}},"loc":{"start":{"line":27,"column":29},"end":{"line":35,"column":3}}},"2":{"name":"(anonymous_2)","decl":{"start":{"line":29,"column":37},"end":{"line":29,"column":38}},"loc":{"start":{"line":29,"column":55},"end":{"line":33,"column":5}}},"3":{"name":"(anonymous_3)","decl":{"start":{"line":37,"column":2},"end":{"line":37,"column":21}},"loc":{"start":{"line":37,"column":21},"end":{"line":39,"column":3}}},"4":{"name":"(anonymous_4)","decl":{"start":{"line":41,"column":2},"end":{"line":41,"column":20}},"loc":{"start":{"line":41,"column":20},"end":{"line":43,"column":3}}},"5":{"name":"(anonymous_5)","decl":{"start":{"line":45,"column":2},"end":{"line":45,"column":7}},"loc":{"start":{"line":45,"column":7},"end":{"line":48,"column":3}}},"6":{"name":"(anonymous_6)","decl":{"start":{"line":50,"column":10},"end":{"line":50,"column":26}},"loc":{"start":{"line":50,"column":42},"end":{"line":58,"column":3}}}},"branchMap":{"0":{"loc":{"start":{"line":30,"column":6},"end":{"line":32,"column":7}},"type":"if","locations":[{"start":{"line":30,"column":6},"end":{"line":32,"column":7}},{"start":{},"end":{}}]}},"s":{"0":6,"1":1169,"2":1169,"3":1169,"4":1169,"5":4,"6":4,"7":103,"8":102,"9":4,"10":25,"11":24,"12":33,"13":33,"14":1169,"15":1169,"16":1169,"17":11464,"18":11464,"19":11464,"20":1169,"21":6},"f":{"0":1169,"1":4,"2":103,"3":25,"4":24,"5":33,"6":1169},"b":{"0":[102,1]}}
,"/Users/lmtnolimit/working/ai-section-generator/app/services/mocks/mock-theme.server.ts": {"path":"/Users/lmtnolimit/working/ai-section-generator/app/services/mocks/mock-theme.server.ts","statementMap":{"0":{"start":{"line":3,"column":0},"end":{"line":3,"column":41}},"1":{"start":{"line":4,"column":0},"end":{"line":4,"column":41}},"2":{"start":{"line":9,"column":4},"end":{"line":9,"column":36}},"3":{"start":{"line":11,"column":4},"end":{"line":11,"column":42}},"4":{"start":{"line":12,"column":4},"end":{"line":12,"column":27}},"5":{"start":{"line":21,"column":4},"end":{"line":21,"column":36}},"6":{"start":{"line":24,"column":18},"end":{"line":24,"column":56}},"7":{"start":{"line":24,"column":39},"end":{"line":24,"column":55}},"8":{"start":{"line":25,"column":4},"end":{"line":27,"column":5}},"9":{"start":{"line":26,"column":6},"end":{"line":26,"column":53}},"10":{"start":{"line":30,"column":29},"end":{"line":30,"column":44}},"11":{"start":{"line":31,"column":4},"end":{"line":33,"column":5}},"12":{"start":{"line":32,"column":6},"end":{"line":32,"column":60}},"13":{"start":{"line":34,"column":4},"end":{"line":36,"column":5}},"14":{"start":{"line":35,"column":6},"end":{"line":35,"column":58}},"15":{"start":{"line":39,"column":21},"end":{"line":39,"column":80}},"16":{"start":{"line":41,"column":4},"end":{"line":41,"column":88}},"17":{"start":{"line":43,"column":4},"end":{"line":43,"column":20}},"18":{"start":{"line":47,"column":32},"end":{"line":47,"column":91}},"19":{"start":{"line":47,"column":38},"end":{"line":47,"column":65}},"20":{"start":{"line":47,"column":75},"end":{"line":47,"column":90}},"21":{"start":{"line":48,"column":4},"end":{"line":50,"column":5}},"22":{"start":{"line":49,"column":6},"end":{"line":49,"column":61}},"23":{"start":{"line":49,"column":36},"end":{"line":49,"column":59}},"24":{"start":{"line":6,"column":0},"end":{"line":6,"column":13}},"25":{"start":{"line":54,"column":13},"end":{"line":54,"column":55}}},"fnMap":{"0":{"name":"(anonymous_9)","decl":{"start":{"line":7,"column":2},"end":{"line":7,"column":7}},"loc":{"start":{"line":7,"column":35},"end":{"line":13,"column":3}}},"1":{"name":"(anonymous_10)","decl":{"start":{"line":15,"column":2},"end":{"line":15,"column":7}},"loc":{"start":{"line":19,"column":19},"end":{"line":44,"column":3}}},"2":{"name":"(anonymous_11)","decl":{"start":{"line":24,"column":34},"end":{"line":24,"column":35}},"loc":{"start":{"line":24,"column":39},"end":{"line":24,"column":55}}},"3":{"name":"(anonymous_12)","decl":{"start":{"line":46,"column":10},"end":{"line":46,"column":15}},"loc":{"start":{"line":46,"column":42},"end":{"line":51,"column":3}}},"4":{"name":"(anonymous_13)","decl":{"start":{"line":47,"column":38},"end":{"line":47,"column":45}},"loc":{"start":{"line":47,"column":38},"end":{"line":47,"column":65}}},"5":{"name":"(anonymous_14)","decl":{"start":{"line":47,"column":70},"end":{"line":47,"column":71}},"loc":{"start":{"line":47,"column":75},"end":{"line":47,"column":90}}},"6":{"name":"(anonymous_15)","decl":{"start":{"line":49,"column":25},"end":{"line":49,"column":32}},"loc":{"start":{"line":49,"column":36},"end":{"line":49,"column":59}}}},"branchMap":{"0":{"loc":{"start":{"line":25,"column":4},"end":{"line":27,"column":5}},"type":"if","locations":[{"start":{"line":25,"column":4},"end":{"line":27,"column":5}},{"start":{},"end":{}}]},"1":{"loc":{"start":{"line":31,"column":4},"end":{"line":33,"column":5}},"type":"if","locations":[{"start":{"line":31,"column":4},"end":{"line":33,"column":5}},{"start":{},"end":{}}]},"2":{"loc":{"start":{"line":34,"column":4},"end":{"line":36,"column":5}},"type":"if","locations":[{"start":{"line":34,"column":4},"end":{"line":36,"column":5}},{"start":{},"end":{}}]},"3":{"loc":{"start":{"line":48,"column":4},"end":{"line":50,"column":5}},"type":"if","locations":[{"start":{"line":48,"column":4},"end":{"line":50,"column":5}},{"start":{},"end":{}}]}},"s":{"0":3,"1":3,"2":7,"3":7,"4":7,"5":61,"6":61,"7":63,"8":61,"9":1,"10":60,"11":60,"12":59,"13":60,"14":59,"15":60,"16":60,"17":60,"18":68,"19":68,"20":68,"21":68,"22":0,"23":0,"24":3,"25":3},"f":{"0":7,"1":61,"2":63,"3":68,"4":68,"5":68,"6":0},"b":{"0":[1,60],"1":[59,1],"2":[59,1],"3":[0,68]}}
}
