TN:
SF:app/db.server.ts
FNF:0
FNH:0
DA:1,0
DA:8,0
DA:9,0
DA:10,0
DA:14,0
DA:16,0
LF:6
LH:0
BRDA:8,0,0,0
BRDA:8,0,1,0
BRDA:9,1,0,0
BRDA:9,1,1,0
BRDA:14,2,0,0
BRDA:14,2,1,0
BRF:6
BRH:0
end_of_record
TN:
SF:app/routes.ts
FNF:0
FNH:0
DA:1,0
DA:3,0
LF:2
LH:0
BRF:0
BRH:0
end_of_record
TN:
SF:app/shopify.server.ts
FNF:0
FNH:0
DA:1,0
DA:2,0
DA:7,0
DA:8,0
DA:10,0
DA:24,0
DA:25,0
DA:26,0
DA:27,0
DA:28,0
DA:29,0
DA:30,0
DA:31,0
LF:13
LH:0
BRDA:12,0,0,0
BRDA:12,0,1,0
BRDA:15,1,0,0
BRDA:15,1,1,0
BRDA:19,2,0,0
BRDA:19,2,1,0
BRF:6
BRH:0
end_of_record
TN:
SF:app/components/ServiceModeIndicator.tsx
FN:7,ServiceModeIndicator
FNF:1
FNH:0
FNDA:0,ServiceModeIndicator
DA:7,0
DA:9,0
DA:10,0
DA:13,0
LF:4
LH:0
BRDA:9,0,0,0
BRDA:9,0,1,0
BRDA:9,1,0,0
BRDA:9,1,1,0
BRDA:9,1,2,0
BRDA:26,2,0,0
BRDA:26,2,1,0
BRDA:29,3,0,0
BRDA:29,3,1,0
BRF:9
BRH:0
end_of_record
TN:
SF:app/components/index.ts
FN:7,(anonymous_0)
FN:8,(anonymous_1)
FN:9,(anonymous_2)
FN:9,(anonymous_3)
FN:9,(anonymous_4)
FN:12,(anonymous_5)
FN:13,(anonymous_6)
FN:14,(anonymous_7)
FN:15,(anonymous_8)
FN:16,(anonymous_9)
FNF:10
FNH:0
FNDA:0,(anonymous_0)
FNDA:0,(anonymous_1)
FNDA:0,(anonymous_2)
FNDA:0,(anonymous_3)
FNDA:0,(anonymous_4)
FNDA:0,(anonymous_5)
FNDA:0,(anonymous_6)
FNDA:0,(anonymous_7)
FNDA:0,(anonymous_8)
FNDA:0,(anonymous_9)
DA:7,0
DA:8,0
DA:9,0
DA:12,0
DA:13,0
DA:14,0
DA:15,0
DA:16,0
LF:8
LH:0
BRF:0
BRH:0
end_of_record
TN:
SF:app/components/generate/CodePreview.tsx
FN:10,CodePreview
FNF:1
FNH:0
FNDA:0,CodePreview
DA:10,0
DA:14,0
DA:15,0
DA:18,0
LF:4
LH:0
BRDA:12,0,0,0
BRDA:14,1,0,0
BRDA:14,1,1,0
BRF:3
BRH:0
end_of_record
TN:
SF:app/components/generate/GenerateActions.tsx
FN:17,GenerateActions
FNF:1
FNH:0
FNDA:0,GenerateActions
DA:1,0
DA:17,0
DA:26,0
LF:3
LH:0
BRDA:23,0,0,0
BRDA:24,1,0,0
BRDA:31,2,0,0
BRDA:31,2,1,0
BRDA:37,3,0,0
BRDA:37,3,1,0
BRDA:40,4,0,0
BRDA:40,4,1,0
BRF:8
BRH:0
end_of_record
TN:
SF:app/components/generate/PromptInput.tsx
FN:14,PromptInput
FN:22,(anonymous_1)
FNF:2
FNH:0
FNDA:0,PromptInput
FNDA:0,(anonymous_1)
DA:14,0
DA:22,0
DA:23,0
DA:24,0
DA:27,0
LF:5
LH:0
BRDA:17,0,0,0
BRDA:18,1,0,0
BRDA:20,2,0,0
BRDA:35,3,0,0
BRDA:35,3,1,0
BRF:5
BRH:0
end_of_record
TN:
SF:app/components/generate/SectionNameInput.tsx
FN:12,SectionNameInput
FN:18,(anonymous_1)
FNF:2
FNH:0
FNDA:0,SectionNameInput
FNDA:0,(anonymous_1)
DA:12,0
DA:18,0
DA:19,0
DA:20,0
DA:23,0
LF:5
LH:0
BRDA:16,0,0,0
BRF:1
BRH:0
end_of_record
TN:
SF:app/components/generate/ThemeSelector.tsx
FN:14,ThemeSelector
FN:20,(anonymous_1)
FN:31,(anonymous_2)
FNF:3
FNH:0
FNDA:0,ThemeSelector
FNDA:0,(anonymous_1)
FNDA:0,(anonymous_2)
DA:14,0
DA:20,0
DA:21,0
DA:22,0
DA:25,0
DA:32,0
LF:6
LH:0
BRDA:18,0,0,0
BRF:1
BRH:0
end_of_record
TN:
SF:app/components/shared/Banner.tsx
FN:15,Banner
FN:38,SuccessBanner
FN:50,ErrorBanner
FNF:3
FNH:0
FNDA:0,Banner
FNDA:0,SuccessBanner
FNDA:0,ErrorBanner
DA:15,0
DA:22,0
DA:38,0
DA:39,0
DA:50,0
DA:51,0
LF:6
LH:0
BRDA:16,0,0,0
BRDA:18,1,0,0
BRF:2
BRH:0
end_of_record
TN:
SF:app/components/shared/Button.tsx
FN:18,Button
FNF:1
FNH:0
FNDA:0,Button
DA:18,0
DA:29,0
LF:2
LH:0
BRDA:20,0,0,0
BRDA:21,1,0,0
BRDA:22,2,0,0
BRDA:23,3,0,0
BRDA:25,4,0,0
BRDA:26,5,0,0
BRDA:33,6,0,0
BRDA:33,6,1,0
BRF:8
BRH:0
end_of_record
TN:
SF:app/components/shared/Card.tsx
FN:13,Card
FNF:1
FNH:0
FNDA:0,Card
DA:13,0
DA:14,0
LF:2
LH:0
BRDA:13,0,0,0
BRF:1
BRH:0
end_of_record
TN:
SF:app/routes/app._index.tsx
FN:12,(anonymous_0)
FN:18,(anonymous_1)
FN:87,Index
FN:95,(anonymous_3)
FN:101,(anonymous_4)
FN:151,(anonymous_5)
FN:252,(anonymous_6)
FNF:7
FNH:0
FNDA:0,(anonymous_0)
FNDA:0,(anonymous_1)
FNDA:0,Index
FNDA:0,(anonymous_3)
FNDA:0,(anonymous_4)
FNDA:0,(anonymous_5)
FNDA:0,(anonymous_6)
DA:1,0
DA:7,0
DA:8,0
DA:9,0
DA:10,0
DA:12,0
DA:13,0
DA:15,0
DA:18,0
DA:19,0
DA:20,0
DA:23,0
DA:53,0
DA:55,0
DA:56,0
DA:58,0
DA:78,0
DA:80,0
DA:87,0
DA:88,0
DA:90,0
DA:92,0
DA:95,0
DA:96,0
DA:97,0
DA:101,0
DA:103,0
DA:152,0
DA:252,0
DA:253,0
LF:30
LH:0
BRDA:92,0,0,0
BRDA:92,0,1,0
BRDA:96,1,0,0
BRDA:96,1,1,0
BRDA:145,2,0,0
BRDA:145,2,1,0
BRDA:149,3,0,0
BRDA:149,3,1,0
BRDA:163,4,0,0
BRDA:163,4,1,0
BRF:10
BRH:0
end_of_record
TN:
SF:app/routes/app.additional.tsx
FN:1,AdditionalPage
FNF:1
FNH:0
FNDA:0,AdditionalPage
DA:1,0
DA:2,0
LF:2
LH:0
BRF:0
BRH:0
end_of_record
TN:
SF:app/routes/app.generate.tsx
FN:21,loader
FN:34,action
FN:68,GeneratePage
FN:78,(anonymous_3)
FN:88,(anonymous_4)
FN:95,(anonymous_5)
FN:103,(anonymous_6)
FNF:7
FNH:0
FNDA:0,loader
FNDA:0,action
FNDA:0,GeneratePage
FNDA:0,(anonymous_3)
FNDA:0,(anonymous_4)
FNDA:0,(anonymous_5)
FNDA:0,(anonymous_6)
DA:1,0
DA:3,0
DA:4,0
DA:5,0
DA:6,0
DA:7,0
DA:8,0
DA:11,0
DA:21,0
DA:22,0
DA:23,0
DA:24,0
DA:34,0
DA:35,0
DA:36,0
DA:37,0
DA:39,0
DA:40,0
DA:41,0
DA:42,0
DA:45,0
DA:46,0
DA:47,0
DA:48,0
DA:50,0
DA:51,0
DA:52,0
DA:57,0
DA:58,0
DA:65,0
DA:68,0
DA:69,0
DA:70,0
DA:71,0
DA:72,0
DA:74,0
DA:75,0
DA:78,0
DA:79,0
DA:81,0
DA:83,0
DA:84,0
DA:85,0
DA:88,0
DA:89,0
DA:90,0
DA:95,0
DA:96,0
DA:97,0
DA:98,0
DA:99,0
DA:100,0
DA:103,0
DA:104,0
DA:105,0
DA:106,0
DA:107,0
DA:108,0
DA:109,0
DA:112,0
DA:114,0
LF:61
LH:0
BRDA:39,0,0,0
BRDA:39,0,1,0
BRDA:45,1,0,0
BRDA:45,1,1,0
BRDA:54,2,0,0
BRDA:54,2,1,0
BRDA:60,3,0,0
BRDA:60,3,1,0
BRDA:74,4,0,0
BRDA:74,4,1,0
BRDA:75,5,0,0
BRDA:75,5,1,0
BRDA:79,6,0,0
BRDA:79,6,1,0
BRDA:79,6,2,0
BRDA:84,7,0,0
BRDA:84,7,1,0
BRDA:85,8,0,0
BRDA:85,8,1,0
BRDA:89,9,0,0
BRDA:89,9,1,0
BRDA:89,10,0,0
BRDA:89,10,1,0
BRDA:96,11,0,0
BRDA:96,11,1,0
BRDA:112,12,0,0
BRDA:112,12,1,0
BRDA:112,12,2,0
BRDA:121,13,0,0
BRDA:121,13,1,0
BRDA:124,14,0,0
BRDA:124,14,1,0
BRDA:138,15,0,0
BRDA:138,15,1,0
BRDA:152,16,0,0
BRDA:152,16,1,0
BRDA:165,17,0,0
BRDA:165,17,1,0
BRDA:171,18,0,0
BRDA:171,18,1,0
BRF:40
BRH:0
end_of_record
TN:
SF:app/routes/app.tsx
FN:8,(anonymous_0)
FN:15,App
FN:33,ErrorBoundary
FN:37,(anonymous_3)
FNF:4
FNH:0
FNDA:0,(anonymous_0)
FNDA:0,App
FNDA:0,ErrorBoundary
FNDA:0,(anonymous_3)
DA:2,0
DA:3,0
DA:4,0
DA:6,0
DA:8,0
DA:9,0
DA:12,0
DA:15,0
DA:16,0
DA:18,0
DA:33,0
DA:34,0
DA:37,0
DA:38,0
LF:14
LH:0
BRDA:12,0,0,0
BRDA:12,0,1,0
BRF:2
BRH:0
end_of_record
TN:
SF:app/routes/auth.$.tsx
FN:6,(anonymous_0)
FN:12,(anonymous_1)
FNF:2
FNH:0
FNDA:0,(anonymous_0)
FNDA:0,(anonymous_1)
DA:3,0
DA:4,0
DA:6,0
DA:7,0
DA:9,0
DA:12,0
DA:13,0
LF:7
LH:0
BRF:0
BRH:0
end_of_record
TN:
SF:app/routes/webhooks.app.scopes_update.tsx
FN:5,(anonymous_1)
FNF:1
FNH:0
FNDA:0,(anonymous_1)
DA:2,0
DA:3,0
DA:5,0
DA:6,0
DA:7,0
DA:9,0
DA:10,0
DA:11,0
DA:20,0
LF:9
LH:0
BRDA:10,0,0,0
BRDA:10,0,1,0
BRF:2
BRH:0
end_of_record
TN:
SF:app/routes/webhooks.app.uninstalled.tsx
FN:5,(anonymous_1)
FNF:1
FNH:0
FNDA:0,(anonymous_1)
DA:2,0
DA:3,0
DA:5,0
DA:6,0
DA:8,0
DA:12,0
DA:13,0
DA:16,0
LF:8
LH:0
BRDA:12,0,0,0
BRDA:12,0,1,0
BRF:2
BRH:0
end_of_record
TN:
SF:app/routes/_index/route.tsx
FN:8,(anonymous_1)
FN:18,App
FNF:2
FNH:0
FNDA:0,(anonymous_1)
FNDA:0,App
DA:2,0
DA:4,0
DA:6,0
DA:8,0
DA:9,0
DA:11,0
DA:12,0
DA:15,0
DA:18,0
DA:19,0
DA:21,0
LF:11
LH:0
BRDA:11,0,0,0
BRDA:11,0,1,0
BRDA:28,1,0,0
BRDA:28,1,1,0
BRF:4
BRH:0
end_of_record
TN:
SF:app/routes/auth.login/error.server.tsx
FN:8,loginErrorMessage
FNF:1
FNH:0
FNDA:0,loginErrorMessage
DA:2,0
DA:8,0
DA:9,0
DA:10,0
DA:11,0
DA:12,0
DA:15,0
LF:7
LH:0
BRDA:9,0,0,0
BRDA:9,0,1,0
BRDA:11,1,0,0
BRDA:11,1,1,0
BRF:4
BRH:0
end_of_record
TN:
SF:app/routes/auth.login/route.tsx
FN:9,(anonymous_0)
FN:15,(anonymous_1)
FN:23,Auth
FN:29,(anonymous_3)
FNF:4
FNH:0
FNDA:0,(anonymous_0)
FNDA:0,(anonymous_1)
FNDA:0,Auth
FNDA:0,(anonymous_3)
DA:1,0
DA:2,0
DA:4,0
DA:6,0
DA:7,0
DA:9,0
DA:10,0
DA:12,0
DA:15,0
DA:16,0
DA:18,0
DA:23,0
DA:24,0
DA:25,0
DA:26,0
DA:27,0
DA:29,0
DA:30,0
DA:31,0
DA:34,0
LF:20
LH:0
BRDA:27,0,0,0
BRDA:27,0,1,0
BRF:2
BRH:0
end_of_record
TN:
SF:app/services/adapters/ai-adapter.ts
FN:13,(anonymous_0)
FN:20,(anonymous_1)
FN:24,(anonymous_2)
FN:28,(anonymous_3)
FNF:4
FNH:4
FNDA:1,(anonymous_0)
FNDA:2,(anonymous_1)
FNDA:1,(anonymous_2)
FNDA:1,(anonymous_3)
DA:2,1
DA:3,1
DA:4,1
DA:14,1
DA:15,1
DA:21,2
DA:25,1
DA:29,1
DA:33,1
LF:9
LH:9
BRDA:15,0,0,1
BRDA:15,0,1,0
BRF:2
BRH:1
end_of_record
TN:
SF:app/services/adapters/theme-adapter.ts
FN:13,(anonymous_0)
FN:20,(anonymous_1)
FN:24,(anonymous_2)
FN:34,(anonymous_3)
FNF:4
FNH:4
FNDA:1,(anonymous_0)
FNDA:2,(anonymous_1)
FNDA:2,(anonymous_2)
FNDA:1,(anonymous_3)
DA:2,1
DA:3,1
DA:4,1
DA:14,1
DA:15,1
DA:21,2
DA:30,2
DA:35,1
DA:39,1
LF:9
LH:9
BRDA:15,0,0,1
BRDA:15,0,1,0
BRF:2
BRH:1
end_of_record
TN:
SF:app/services/flags/feature-flags.ts
FN:15,(anonymous_0)
FNF:1
FNH:1
FNDA:2,(anonymous_0)
DA:15,2
DA:17,2
DA:18,2
DA:21,2
DA:22,2
DA:23,2
DA:26,2
DA:27,2
DA:30,2
DA:31,2
DA:34,2
LF:11
LH:11
BRDA:15,0,0,2
BRDA:15,0,1,2
BRF:2
BRH:2
end_of_record
TN:
SF:app/services/flags/flag-utils.ts
FN:4,(anonymous_0)
FN:12,(anonymous_1)
FN:32,(anonymous_2)
FN:40,(anonymous_3)
FN:47,(anonymous_4)
FN:54,(anonymous_5)
FN:56,(anonymous_6)
FN:65,(anonymous_7)
FN:71,(anonymous_8)
FN:79,(anonymous_9)
FN:100,(anonymous_10)
FN:107,(anonymous_11)
FNF:12
FNH:12
FNDA:33,(anonymous_0)
FNDA:45,(anonymous_1)
FNDA:7,(anonymous_2)
FNDA:13,(anonymous_3)
FNDA:19,(anonymous_4)
FNDA:2,(anonymous_5)
FNDA:18,(anonymous_6)
FNDA:2,(anonymous_7)
FNDA:9,(anonymous_8)
FNDA:8,(anonymous_9)
FNDA:1,(anonymous_10)
FNDA:1,(anonymous_11)
DA:1,1
DA:4,34
DA:7,1
DA:14,45
DA:15,12
DA:19,33
DA:20,33
DA:21,33
DA:22,8
DA:26,25
DA:33,7
DA:34,7
DA:41,13
DA:48,19
DA:55,2
DA:56,2
DA:57,18
DA:59,2
DA:66,2
DA:67,1
DA:70,1
DA:71,1
DA:72,9
DA:73,9
DA:74,9
DA:76,1
DA:81,8
DA:82,7
DA:85,5
DA:86,5
DA:89,1
DA:93,1
DA:100,1
DA:107,1
LF:34
LH:34
BRDA:14,0,0,12
BRDA:14,0,1,33
BRDA:21,1,0,8
BRDA:21,1,1,25
BRDA:34,2,0,7
BRDA:34,2,1,4
BRDA:66,3,0,1
BRDA:66,3,1,1
BRDA:74,4,0,8
BRDA:74,4,1,1
BRDA:81,5,0,1
BRDA:81,5,1,7
BRDA:82,6,0,2
BRDA:82,6,1,5
BRDA:86,7,0,4
BRDA:86,7,1,1
BRF:16
BRH:16
end_of_record
TN:
SF:app/services/mocks/mock-ai.server.ts
FN:6,(anonymous_9)
FN:28,(anonymous_10)
FN:32,(anonymous_11)
FN:33,(anonymous_12)
FN:33,(anonymous_13)
FN:35,(anonymous_14)
FNF:6
FNH:5
FNDA:20,(anonymous_9)
FNDA:20,(anonymous_10)
FNDA:20,(anonymous_11)
FNDA:20,(anonymous_12)
FNDA:20,(anonymous_13)
FNDA:0,(anonymous_14)
DA:2,3
DA:3,3
DA:5,3
DA:8,20
DA:10,20
DA:11,20
DA:13,20
DA:16,20
DA:17,20
DA:18,2
DA:20,18
DA:21,1
DA:25,17
DA:29,20
DA:33,20
DA:34,20
DA:35,0
DA:40,3
LF:18
LH:17
BRDA:17,0,0,2
BRDA:17,0,1,18
BRDA:20,1,0,1
BRDA:20,1,1,17
BRDA:20,2,0,18
BRDA:20,2,1,1
BRDA:34,3,0,0
BRDA:34,3,1,20
BRF:8
BRH:7
end_of_record
TN:
SF:app/services/mocks/mock-data.ts
FN:86,generateMockSection
FNF:1
FNH:1
FNDA:20,generateMockSection
DA:3,5
DA:27,5
DA:86,5
DA:87,20
LF:4
LH:4
BRF:0
BRH:0
end_of_record
TN:
SF:app/services/mocks/mock-store.ts
FN:14,(anonymous_0)
FN:27,(anonymous_1)
FN:29,(anonymous_2)
FN:37,(anonymous_3)
FN:41,(anonymous_4)
FN:45,(anonymous_5)
FN:50,(anonymous_6)
FNF:7
FNH:7
FNDA:1169,(anonymous_0)
FNDA:4,(anonymous_1)
FNDA:103,(anonymous_2)
FNDA:25,(anonymous_3)
FNDA:24,(anonymous_4)
FNDA:33,(anonymous_5)
FNDA:1169,(anonymous_6)
DA:9,6
DA:15,1169
DA:16,1169
DA:23,1169
DA:24,1169
DA:28,4
DA:29,4
DA:30,103
DA:31,102
DA:34,4
DA:38,25
DA:42,24
DA:46,33
DA:47,33
DA:51,1169
DA:52,1169
DA:53,11464
DA:54,11464
DA:55,11464
DA:57,1169
DA:61,6
LF:21
LH:21
BRDA:30,0,0,102
BRDA:30,0,1,1
BRF:2
BRH:2
end_of_record
TN:
SF:app/services/mocks/mock-theme.server.ts
FN:7,(anonymous_9)
FN:15,(anonymous_10)
FN:24,(anonymous_11)
FN:46,(anonymous_12)
FN:47,(anonymous_13)
FN:47,(anonymous_14)
FN:49,(anonymous_15)
FNF:7
FNH:6
FNDA:7,(anonymous_9)
FNDA:61,(anonymous_10)
FNDA:63,(anonymous_11)
FNDA:68,(anonymous_12)
FNDA:68,(anonymous_13)
FNDA:68,(anonymous_14)
FNDA:0,(anonymous_15)
DA:3,3
DA:4,3
DA:6,3
DA:9,7
DA:11,7
DA:12,7
DA:21,61
DA:24,63
DA:25,61
DA:26,1
DA:30,60
DA:31,60
DA:32,59
DA:34,60
DA:35,59
DA:39,60
DA:41,60
DA:43,60
DA:47,68
DA:48,68
DA:49,0
DA:54,3
LF:22
LH:21
BRDA:25,0,0,1
BRDA:25,0,1,60
BRDA:31,1,0,59
BRDA:31,1,1,1
BRDA:34,2,0,59
BRDA:34,2,1,1
BRDA:48,3,0,0
BRDA:48,3,1,68
BRF:8
BRH:7
end_of_record
